116
4 49
96 16
94 18
64 98
81 97
96 35
85 3
83 29
92 44
55 10
12 95
77 1
88 83
48 96
60 5
84 5
66 81
70 85
80 26
18 32
53 52
6 21
0 15
4 65
12 53
1 4
13 22
8 88
69 94
63 91
48 14
71 64
68 43
13 12
56 86
47 75
13 62
63 33
15 95
19 49
46 9
5 79
98 46
99 0
16 87
34 41
41 35
18 72
56 24
37 43
90 19
89 58
26 6
75 0
0 99
0 34
98 99
33 71
33 66
75 62
84 49
31 0
27 78
83 56
40 28
41 89
26 70
71 29
42 18
55 91
37 71
22 29
59 19
98 30
73 58
21 56
5 73
27 21
53 67
1 39
49 40
79 4
42 78
99 82
32 35
97 92
32 95
94 66
74 15
18 57
68 39
96 77
14 33
78 72
81 33
66 19
82 44
60 68
56 66
35 59
49 57
26 92
23 12
77 86
81 70
20 79
32 15
35 87
48 31
55 34
33 8
22 37
32 55
39 50
19 70
27 58
