109
4 88
0 52
96 41
94 56
5 37
58 1
3 55
44 99
7 97
16 98
29 91
85 92
8 76
86 23
32 8
53 67
61 90
19 52
35 56
27 4
34 41
21 1
38 99
72 24
58 25
35 51
82 25
26 38
70 23
37 78
71 62
43 31
35 40
2 18
4 78
25 91
7 33
44 11
17 60
46 87
6 4
78 34
56 42
21 3
99 76
75 97
20 31
69 42
60 8
32 77
21 64
72 31
62 65
48 28
76 10
83 68
53 8
88 9
27 22
53 42
54 88
13 23
18 76
82 48
89 60
62 1
11 86
42 69
93 0
61 96
31 40
9 0
75 56
78 0
99 47
32 83
30 37
3 10
48 4
46 14
95 90
99 22
70 79
47 92
86 74
96 3
70 47
1 62
87 39
62 73
11 30
18 17
82 15
97 66
32 16
12 44
62 20
14 51
45 66
56 57
56 36
39 46
11 14
70 2
19 67
32 73
67 46
57 53
23 75
