196
6 8
5 99
6 15
6 22
6 29
6 36
6 43
6 57
6 50
5 92
5 83
5 76
5 71
5 64
98 99
98 4
11 98
94 98
18 98
81 98
98 94
74 98
31 98
38 98
98 11
73 98
53 98
66 98
46 98
39 98
99 82
99 19
99 79
99 26
98 67
99 37
99 61
99 44
98 59
98 46
93 5
12 5
20 5
77 4
28 4
35 4
84 4
70 4
63 4
42 4
56 4
48 5
91 94
14 94
93 12
12 12
20 93
94 21
84 11
94 77
84 88
20 12
11 77
77 11
94 28
28 11
35 11
94 84
11 84
84 87
11 21
21 87
25 91
84 18
70 94
80 84
11 28
21 18
35 94
25 84
70 11
78 19
91 32
12 70
88 70
94 63
25 21
12 35
63 11
78 26
85 33
94 42
87 28
73 21
81 70
56 94
41 93
91 59
27 26
41 12
56 11
41 19
56 18
71 26
93 47
11 56
18 70
28 80
12 42
21 31
21 66
52 91
11 49
12 63
18 77
34 79
21 38
21 39
46 14
63 18
42 81
56 87
84 45
74 35
21 59
27 65
84 53
43 79
83 47
21 46
46 21
63 25
70 38
56 25
77 94
60 91
67 84
84 80
69 79
80 70
66 77
49 81
32 84
63 87
49 80
74 77
84 66
31 70
35 67
25 56
80 49
77 66
70 39
70 60
60 70
70 59
79 42
66 35
74 56
36 65
28 52
52 28
36 19
27 33
32 28
35 32
32 49
25 42
39 35
56 32
42 39
41 28
66 42
50 33
38 42
46 42
60 49
32 56
42 46
57 47
39 63
49 73
45 56
39 70
56 67
56 66
46 56
66 56
56 45
49 52
49 60
53 77
63 66
53 56
70 73
69 51
