108
99 76
0 23
8 2
9 36
4 31
90 63
34 43
90 95
1 20
26 87
12 1
90 18
83 31
73 8
59 24
92 32
78 31
5 66
84 69
60 13
11 11
25 20
40 85
32 35
45 66
85 40
7 89
13 81
93 81
2 51
47 89
62 28
57 64
38 57
35 98
24 57
56 36
1 82
81 99
84 12
22 8
49 37
52 38
48 0
55 94
60 44
76 45
70 41
2 76
73 60
22 27
67 74
15 65
64 86
65 57
46 12
79 84
92 47
44 82
46 60
13 56
1 59
0 0
55 43
74 90
19 58
0 92
30 98
63 99
13 98
4 55
63 56
8 80
35 0
84 76
80 24
11 63
20 0
93 90
78 39
77 54
91 0
76 0
3 43
96 58
28 73
83 91
75 15
59 0
17 38
20 42
58 78
36 29
40 63
55 86
17 91
75 98
27 3
32 14
55 6
39 18
25 66
81 61
77 75
56 29
84 60
70 54
54 26
