106
89 3
97 93
1 66
4 68
48 87
98 55
10 27
34 79
21 61
2 84
3 2
12 32
44 93
96 78
1 73
68 43
9 45
39 62
17 6
18 5
63 89
26 35
19 68
32 40
44 71
42 65
87 18
52 47
69 91
55 3
39 21
41 79
73 57
78 29
1 88
31 31
57 27
82 69
68 63
13 27
27 24
81 53
56 55
33 83
8 51
52 90
84 82
79 84
89 74
58 20
51 7
47 40
42 53
30 65
14 84
28 80
54 36
56 50
69 4
69 76
52 34
22 42
77 94
91 35
75 76
25 26
41 38
67 46
28 99
88 40
64 60
90 8
39 0
51 13
22 98
29 84
51 18
17 32
87 65
61 79
76 99
59 27
64 19
66 0
47 1
17 53
81 99
17 11
99 63
88 66
16 63
37 14
74 29
72 13
58 74
31 50
94 87
9 82
76 7
75 34
73 48
58 11
23 17
74 71
67 74
47 24
