115
72 6
74 59
97 13
57 3
23 32
47 70
51 0
70 22
12 19
42 90
88 57
17 46
25 24
58 91
38 81
63 32
33 3
48 49
94 94
26 97
73 57
39 47
26 95
66 94
57 82
79 43
45 58
60 77
76 74
49 72
28 64
31 53
16 96
53 6
62 30
89 10
21 8
83 16
96 36
52 92
0 82
96 61
0 41
49 28
25 53
80 90
31 68
37 44
17 86
30 13
44 26
22 14
15 53
72 42
92 71
91 99
74 94
52 98
26 86
45 15
82 14
55 20
32 60
9 99
0 49
74 0
99 66
20 76
36 21
99 42
0 7
13 0
1 65
37 98
0 88
42 18
20 80
34 77
47 5
20 0
99 21
98 80
83 83
36 0
4 22
30 23
87 94
1 98
97 2
3 12
95 28
84 75
78 28
21 40
85 48
88 30
37 39
65 56
62 47
83 3
3 48
9 61
68 80
93 47
60 23
65 38
32 94
69 91
46 35
24 72
7 82
15 71
16 65
8 90
36 10
