114
0 49
84 95
25 93
7 90
62 2
23 98
70 2
44 38
5 12
8 84
68 86
92 85
11 39
34 41
11 12
6 29
21 14
31 12
60 37
46 42
46 93
39 99
14 74
69 13
36 86
49 34
32 96
36 24
63 26
49 17
45 23
46 74
88 99
81 13
85 29
7 40
36 55
48 64
16 59
97 86
0 44
25 67
73 69
79 56
68 27
66 74
18 45
66 64
8 26
59 85
45 83
0 0
88 42
39 89
51 16
91 29
37 75
7 79
15 41
3 59
42 4
99 58
85 57
21 84
68 98
77 28
26 75
99 21
98 72
31 38
88 69
66 18
51 58
41 75
39 68
10 65
62 7
67 82
82 1
10 4
91 57
71 38
75 52
88 38
67 6
10 60
99 16
42 12
87 3
34 5
26 17
77 33
44 58
2 80
83 84
30 55
86 77
93 11
76 18
91 23
18 19
20 34
30 61
29 46
61 58
65 52
55 42
51 48
81 67
82 51
95 65
81 76
87 63
83 43
