103
10 54
5 6
25 0
4 76
73 1
58 95
83 94
10 30
31 26
26 43
50 26
32 60
51 0
64 8
42 42
16 8
9 13
53 98
54 83
61 69
65 57
97 27
34 90
16 71
40 78
37 59
56 43
58 8
46 62
18 99
96 98
92 46
77 45
64 37
50 76
57 22
23 73
30 98
28 43
20 31
68 10
79 27
58 90
23 85
14 88
33 41
75 52
86 18
89 32
7 2
80 66
70 20
66 69
49 30
72 75
64 80
45 81
49 94
99 41
37 20
76 75
79 80
11 72
99 84
30 7
65 16
77 38
64 25
98 33
98 5
86 63
25 70
29 89
23 24
3 97
81 72
43 73
31 2
1 33
1 53
8 40
93 11
6 87
95 60
51 58
73 84
91 36
54 15
98 89
96 67
90 53
68 90
48 47
84 86
88 79
82 16
30 75
62 46
73 60
72 20
82 34
71 44
73 30
