116
40 1
2 94
90 57
4 74
70 9
90 69
96 43
55 89
27 96
9 94
26 98
1 52
61 2
66 65
10 56
50 41
93 13
90 2
76 7
45 0
61 81
66 74
72 49
33 87
9 72
63 16
37 83
52 62
49 70
84 84
82 38
29 68
16 46
52 15
41 77
55 33
48 63
76 99
26 69
16 77
84 29
33 25
25 61
56 27
30 59
12 23
89 39
78 29
20 46
89 13
93 70
64 91
98 42
99 26
27 45
59 58
47 7
55 11
64 35
75 25
99 45
21 40
26 82
46 45
10 0
17 95
94 96
30 47
87 89
32 79
74 28
33 69
23 28
0 57
98 68
23 76
31 30
28 25
62 50
37 11
47 67
1 81
12 90
0 1
1 32
26 7
2 36
16 31
83 74
47 84
83 52
26 33
3 16
78 94
69 83
22 8
6 15
95 26
76 45
81 21
85 7
74 39
5 4
15 8
2 66
14 61
6 48
46 22
65 23
45 56
35 44
43 41
39 26
18 84
38 20
38 55
