118
83 0
25 3
1 5
2 85
99 77
93 21
96 24
76 10
17 79
8 61
30 19
28 1
72 95
3 69
47 56
3 26
72 35
47 47
0 61
65 18
22 61
68 40
28 51
27 95
42 67
63 39
42 37
56 35
97 47
61 86
6 99
42 2
90 80
65 54
78 48
87 60
82 20
15 47
24 36
9 2
30 99
6 75
70 20
83 64
27 44
79 81
24 58
78 25
8 57
75 65
70 55
35 82
47 13
95 46
22 64
32 54
16 53
50 47
24 78
42 74
51 79
16 95
66 69
96 57
61 7
99 32
89 98
50 97
86 88
51 21
57 26
17 19
22 7
34 90
92 31
97 7
80 70
20 42
63 21
68 12
85 15
0 94
96 98
82 74
97 39
44 94
85 75
77 74
84 54
16 86
85 94
96 66
71 88
9 39
54 2
41 8
82 30
58 82
84 46
38 31
61 68
7 93
24 92
5 23
36 17
31 27
28 68
37 25
58 65
54 51
16 5
7 19
11 19
12 27
33 76
46 82
64 33
66 61
