99
2 2
2 3
51 97
16 25
52 61
16 18
96 49
48 88
81 31
66 33
15 29
12 90
69 10
35 98
14 35
40 50
38 15
64 81
46 84
60 82
73 89
63 71
74 81
42 74
96 95
79 74
59 24
29 83
80 68
36 17
50 19
39 86
48 43
60 34
26 96
60 65
63 10
19 48
33 42
44 32
33 23
82 47
83 61
80 88
58 14
76 67
29 33
7 58
41 92
21 57
19 33
44 36
28 39
45 50
17 85
89 99
80 50
28 49
35 59
73 40
85 29
61 28
79 43
81 98
99 24
91 64
93 44
99 66
91 52
31 28
66 89
65 99
98 81
31 55
99 34
5 68
17 94
4 86
47 27
88 10
83 11
30 7
19 77
32 69
13 63
5 50
8 43
44 9
65 48
86 17
89 76
98 61
72 18
55 68
69 54
59 42
45 58
73 25
76 60
