112
6 8
97 28
97 4
73 95
80 37
50 39
1 4
25 7
22 4
68 59
3 30
62 42
68 76
29 62
40 11
63 57
4 94
28 97
37 31
45 54
16 96
84 73
96 60
13 35
22 50
0 54
9 74
63 3
7 51
65 68
51 22
89 3
22 81
42 93
71 79
84 39
38 65
87 90
15 79
63 20
19 53
82 7
18 29
4 57
14 68
11 53
59 68
66 98
39 19
17 18
89 64
14 49
29 78
43 9
72 17
86 63
99 56
83 55
12 89
35 67
7 89
77 0
22 99
92 47
22 44
94 3
48 79
0 75
73 0
47 97
93 12
40 99
52 45
98 34
9 72
29 26
0 66
61 28
83 81
98 66
81 23
95 42
52 30
39 2
76 9
30 32
95 97
94 83
14 58
23 77
43 79
19 23
57 16
59 10
26 93
60 89
76 32
53 60
24 12
10 12
85 17
59 98
64 83
52 93
79 65
43 77
46 62
10 23
34 12
10 42
51 11
66 13
