109
97 2
22 8
0 97
5 22
10 20
0 94
15 94
25 93
93 29
29 89
16 63
16 60
79 94
97 25
57 96
53 89
39 83
22 45
53 37
94 46
84 95
78 26
31 49
94 68
32 8
32 92
28 82
27 20
56 72
56 40
46 87
1 68
43 9
49 52
37 10
55 6
72 70
36 50
61 50
84 12
93 86
67 91
61 77
58 1
20 40
31 30
97 72
79 47
98 99
45 21
92 17
84 58
49 73
0 0
13 6
1 71
85 89
81 34
98 89
29 98
62 63
66 18
49 24
35 22
87 66
14 99
46 12
57 24
97 22
80 27
15 65
5 99
98 39
22 43
38 36
99 75
13 54
0 24
0 39
65 98
47 0
57 13
56 91
4 17
77 88
47 40
27 25
5 1
6 38
67 35
66 3
73 21
14 43
98 10
90 3
30 75
31 57
48 59
54 69
14 74
15 73
71 51
70 65
41 60
66 75
74 10
94 61
79 64
60 9
