115
2 71
56 31
2 10
95 92
94 12
1 17
0 46
46 19
68 64
42 40
2 58
65 1
64 75
17 3
66 81
69 29
61 79
81 53
79 50
67 40
99 70
88 39
30 37
36 45
16 83
18 92
32 93
30 78
44 71
7 69
21 26
61 23
54 62
42 55
43 4
48 4
98 95
86 91
23 27
57 41
59 55
53 55
12 8
94 13
26 98
84 26
88 85
19 69
78 41
36 62
75 20
73 4
70 27
97 8
27 76
87 30
11 50
9 22
99 87
86 76
0 98
9 43
62 55
4 61
97 56
98 43
78 64
24 0
34 0
80 83
31 61
21 72
83 0
75 12
79 98
46 98
96 53
91 11
64 45
79 96
55 70
93 66
15 12
59 46
2 18
4 83
9 87
3 37
96 37
60 95
99 59
98 75
69 95
28 19
14 27
39 92
41 77
31 17
47 89
63 89
82 5
93 22
65 8
33 11
48 10
57 7
91 58
20 34
17 48
18 52
33 60
43 47
69 19
19 62
16 57
