104
93 92
87 98
4 85
2 68
97 1
1 35
78 46
5 45
70 70
21 42
80 54
96 10
97 84
95 32
7 58
96 78
12 2
95 27
95 25
80 11
26 91
29 27
75 36
85 54
61 30
25 10
93 3
26 3
5 54
60 99
89 17
46 77
43 66
33 66
65 33
85 76
68 10
66 24
22 53
52 31
53 44
55 67
5 88
15 98
64 81
95 98
34 22
25 60
74 63
69 11
50 8
33 26
90 71
78 96
31 76
5 77
99 16
62 65
89 45
71 53
68 1
13 87
21 50
52 42
49 53
94 85
21 89
39 9
80 27
30 13
60 72
48 83
81 69
1 99
6 51
3 19
5 15
79 84
41 92
27 81
89 6
17 25
16 71
93 41
41 87
18 10
89 26
43 1
54 16
57 3
51 18
18 67
20 33
38 40
64 48
48 62
27 62
36 46
33 7
33 42
40 56
20 82
39 36
56 35
