105
95 4
89 25
49 94
10 94
78 42
1 91
25 99
98 36
3 53
95 21
66 57
15 79
3 89
80 61
2 65
51 61
16 78
46 90
39 58
21 92
35 88
94 72
23 63
69 99
15 68
27 85
58 0
36 79
87 34
61 87
58 43
60 48
75 22
1 8
63 80
36 6
33 89
10 10
33 81
82 66
42 48
50 47
17 93
87 90
58 9
54 24
47 1
61 29
68 37
21 56
39 70
70 96
27 0
26 16
0 0
14 40
84 73
26 36
59 41
0 17
90 42
58 11
0 25
84 99
57 18
48 20
44 24
64 0
36 38
86 0
84 83
41 41
78 7
32 5
67 14
0 35
30 19
17 38
0 75
24 51
39 20
51 7
41 32
80 4
97 55
73 40
44 76
96 64
75 82
57 82
68 22
35 53
15 9
24 20
72 6
88 59
7 48
10 52
32 67
38 24
9 24
6 34
24 25
15 17
41 17
