109
80 96
2 28
10 97
34 97
96 32
6 65
93 20
27 96
66 90
17 32
25 36
97 98
14 71
89 64
21 53
36 3
16 47
46 33
59 60
38 0
70 33
59 92
0 2
59 20
60 27
9 14
13 56
94 80
31 58
51 55
88 37
34 81
12 22
74 75
75 7
97 58
66 80
54 92
39 90
38 76
42 53
31 79
30 67
24 86
70 17
97 39
98 13
7 37
43 78
37 66
68 16
50 69
27 43
92 98
88 79
35 14
39 25
33 32
54 54
82 88
99 1
0 94
90 0
84 64
4 79
61 0
40 96
61 10
51 0
14 6
66 57
0 98
1 12
98 66
99 25
37 63
17 60
84 70
85 6
45 63
46 38
6 57
44 15
58 76
52 77
86 94
28 3
26 17
21 22
96 47
80 43
81 52
75 53
35 49
51 38
71 26
91 26
74 35
9 82
19 92
24 73
4 89
68 7
76 21
18 78
27 21
78 66
50 24
47 41
