106
58 60
44 74
31 98
88 44
34 56
58 59
41 62
43 2
3 3
3 86
51 13
92 18
97 65
32 11
96 55
33 83
53 85
93 88
7 74
26 71
37 23
2 32
11 89
67 10
1 18
34 99
89 70
79 64
9 78
16 18
1 11
15 15
16 9
59 43
9 99
92 5
10 10
78 88
75 65
7 4
72 35
69 50
65 48
21 70
76 35
75 78
95 77
13 33
27 36
46 33
45 41
84 13
0 53
79 91
53 33
93 42
99 2
39 38
71 92
85 85
75 72
81 58
20 24
99 69
19 88
26 39
76 8
2 22
23 0
86 19
64 0
51 99
17 54
23 41
62 3
51 14
19 62
23 99
21 85
65 98
99 86
76 97
66 56
81 50
75 75
39 26
21 0
75 29
84 99
53 80
26 56
86 75
3 62
4 47
65 17
61 24
56 28
70 84
23 21
15 38
66 24
8 65
9 51
14 48
37 45
35 31
