109
95 78
53 53
2 11
34 97
48 27
18 23
97 41
8 27
24 76
95 10
4 21
41 66
55 35
53 55
70 6
69 6
32 43
89 84
4 65
36 89
41 7
63 84
31 78
72 30
65 28
35 37
23 7
78 86
39 99
41 92
4 5
68 44
13 93
83 20
66 17
5 65
88 6
80 20
83 2
31 56
61 59
74 65
16 97
35 40
46 39
1 85
40 74
81 66
75 14
84 56
61 6
58 21
12 44
89 75
97 0
64 78
27 91
99 99
80 29
44 7
14 3
37 12
39 44
4 74
0 36
94 24
60 69
92 45
36 0
21 1
0 48
6 35
25 73
1 98
0 51
10 41
36 49
20 43
68 60
2 81
93 38
63 0
80 95
51 49
48 22
98 64
89 12
68 75
96 60
78 43
49 78
25 95
95 29
38 22
67 52
2 92
82 71
70 79
52 70
7 84
30 2
17 58
14 31
6 57
21 58
34 64
20 63
15 55
81 9
