115
59 97
5 59
58 5
74 1
1 7
37 19
32 92
30 96
24 30
37 28
96 12
82 92
1 30
1 1
15 4
29 12
6 90
93 82
28 7
19 60
56 20
69 60
0 88
93 98
3 67
90 83
22 39
65 33
38 67
66 75
66 63
62 46
97 98
13 74
27 73
36 62
85 15
83 65
80 42
25 4
62 83
71 40
41 59
27 60
30 45
3 22
18 21
38 83
89 58
28 50
87 23
99 30
83 26
57 3
72 24
95 47
71 75
56 73
8 25
99 0
76 85
87 68
64 24
55 46
99 39
0 96
9 99
72 20
20 47
71 66
99 17
98 5
14 94
6 16
6 81
99 92
98 77
30 2
96 55
84 57
98 71
43 80
58 81
41 0
39 34
27 88
21 81
6 39
46 87
36 38
72 5
17 30
43 9
11 58
10 49
44 65
60 57
44 50
81 45
93 14
89 40
78 11
98 62
70 15
55 11
46 17
54 34
58 31
52 41
37 48
94 94
92 76
85 35
79 37
79 56
