109
98 37
23 28
84 42
87 11
37 96
11 89
6 19
6 23
20 10
3 47
69 94
58 83
7 31
69 45
32 41
52 50
85 91
24 82
75 78
42 77
62 45
69 98
5 54
35 18
62 69
79 97
46 37
75 14
39 43
46 53
24 21
35 20
52 22
54 69
4 29
27 93
96 72
77 91
51 44
73 13
30 74
85 82
60 5
63 67
53 61
21 12
92 62
73 37
73 63
27 51
29 47
66 90
13 54
33 81
0 0
95 99
19 35
87 61
0 93
0 8
18 46
28 71
37 59
24 66
10 62
23 56
79 42
3 98
23 44
57 16
51 0
63 93
14 5
37 48
65 9
97 93
2 38
61 76
54 31
49 15
29 0
0 65
86 26
81 85
75 19
55 98
1 84
8 77
69 0
14 78
33 4
93 56
51 96
36 90
90 77
45 7
72 28
60 31
26 37
36 9
78 69
17 61
79 63
78 56
39 68
41 61
64 53
7 38
66 14
