110
5 2
57 92
78 64
55 59
72 6
72 61
22 89
96 40
37 87
98 83
63 74
34 2
76 81
79 0
19 5
98 74
9 63
41 49
55 47
92 73
77 79
40 12
60 17
30 40
47 40
18 8
96 31
15 78
7 82
58 66
25 42
51 52
12 29
30 22
31 69
41 94
62 91
3 55
87 59
60 84
60 38
62 80
76 87
64 40
98 64
64 68
46 26
99 0
0 81
78 27
11 54
91 81
71 91
60 16
89 88
0 88
85 29
55 24
13 22
14 26
27 97
68 26
47 36
91 7
81 38
84 17
32 19
38 76
36 99
21 83
93 98
98 47
71 33
36 54
18 42
21 55
98 92
17 99
79 99
26 10
27 67
63 2
82 35
16 61
98 15
4 43
42 5
46 98
94 56
56 9
91 12
94 23
4 15
2 24
76 13
27 86
78 70
11 43
46 22
27 47
33 34
11 12
76 41
62 37
71 25
41 64
45 60
25 48
22 27
26 61
