112
66 5
87 67
47 4
33 98
97 13
71 19
2 91
34 3
3 47
91 44
78 36
67 62
28 92
68 10
65 24
17 31
73 70
93 45
62 22
65 41
80 21
69 82
46 54
12 17
20 4
30 67
83 52
63 68
86 9
15 86
19 77
92 9
46 48
34 31
56 68
23 65
19 81
24 29
79 42
95 0
92 1
55 44
44 34
57 27
7 31
25 45
32 50
87 26
36 81
99 96
30 29
18 45
88 99
52 99
4 1
21 74
30 78
0 70
54 6
19 58
38 15
0 86
32 41
80 0
86 15
98 54
27 40
30 62
57 81
46 65
5 51
94 74
3 6
98 82
69 99
96 38
15 10
73 92
61 87
24 8
34 19
13 96
97 79
84 85
95 60
9 24
78 84
53 13
9 45
72 55
90 23
37 91
54 91
78 53
45 70
55 35
40 29
31 13
61 48
3 77
10 90
43 76
49 74
69 47
41 53
28 60
78 14
75 28
9 71
8 63
10 59
17 50
