105
92 10
2 18
76 10
67 10
93 90
88 13
95 21
7 43
7 9
95 56
10 23
9 75
11 75
13 24
79 95
27 29
52 20
39 27
15 94
6 80
99 82
87 90
2 58
80 18
83 41
26 61
62 33
49 40
61 48
48 52
57 67
5 84
93 72
86 27
27 76
85 47
34 92
18 30
71 26
67 66
54 27
57 73
73 72
35 72
39 46
8 96
0 33
61 78
33 80
65 73
50 73
65 48
44 90
56 89
27 67
81 94
22 62
97 57
83 60
40 89
88 58
75 70
27 23
70 24
75 37
72 95
18 62
37 80
98 53
7 39
21 38
3 55
29 98
37 7
73 56
71 15
0 48
96 27
40 12
62 9
99 35
23 10
24 15
42 18
64 99
43 97
80 46
24 95
35 42
26 53
36 56
14 83
98 67
84 76
79 27
63 83
40 35
58 59
83 84
76 80
42 80
61 23
55 37
67 40
76 46
