114
6 5
92 95
89 95
96 3
75 46
85 4
3 91
88 2
94 27
71 95
67 94
78 83
33 67
44 68
27 51
22 99
27 77
88 87
93 85
69 15
24 33
60 37
1 45
7 30
49 32
37 47
54 10
14 1
1 24
30 77
67 33
43 20
29 90
14 34
25 95
37 91
51 92
3 53
0 39
11 27
14 37
55 6
40 62
98 75
82 0
67 4
18 20
65 76
12 10
85 60
31 28
56 83
21 14
89 56
53 91
46 27
39 91
51 81
0 86
95 74
73 24
59 92
98 64
82 48
9 86
75 77
61 88
70 80
58 15
65 78
99 47
8 74
79 42
64 67
88 40
44 35
33 14
15 18
27 67
22 49
20 2
9 12
63 99
4 54
95 55
48 13
78 92
47 77
93 19
44 0
30 2
29 17
1 68
96 41
59 22
43 99
8 99
64 61
1 74
21 64
36 96
22 94
81 9
89 61
17 61
53 52
52 52
45 37
60 31
60 70
58 61
46 49
10 51
6 44
