100
40 95
64 86
96 5
14 3
95 30
66 16
17 35
3 31
0 26
83 9
33 35
52 26
95 59
23 98
67 6
95 42
3 46
19 90
32 48
9 21
70 76
80 39
4 27
59 4
50 82
99 85
38 4
0 47
52 7
12 80
73 55
15 13
79 33
80 35
41 76
52 66
19 2
82 18
75 85
46 16
45 22
32 87
52 48
88 13
29 10
3 41
31 56
86 65
79 55
57 68
58 48
38 24
9 89
86 1
48 98
31 70
39 54
15 65
22 38
99 34
99 24
80 91
14 94
71 34
38 62
68 10
21 66
87 71
74 48
64 58
7 11
57 83
6 99
1 71
90 22
99 49
41 69
87 93
93 80
88 79
71 71
68 23
13 51
23 52
36 40
51 34
71 50
15 75
89 61
22 70
23 17
25 23
31 17
42 83
61 37
22 82
44 62
58 57
79 65
74 41
