114
96 2
43 35
56 51
29 34
92 51
46 38
95 5
1 82
73 6
83 83
18 93
3 38
32 91
78 74
47 88
55 61
26 35
57 89
56 3
69 40
11 69
96 60
53 24
16 22
30 20
84 39
57 38
0 5
61 28
89 80
12 40
38 23
98 99
99 85
51 19
67 7
58 8
17 17
76 25
5 6
94 81
54 66
18 69
78 54
52 0
42 12
80 0
81 93
23 71
38 73
85 87
96 70
34 97
61 69
0 98
0 52
31 99
75 98
91 10
89 54
3 47
37 13
80 65
72 58
71 0
58 98
52 13
85 23
99 22
76 40
99 9
18 0
21 86
34 62
10 9
19 9
30 85
83 45
5 52
71 73
57 84
14 2
21 42
46 27
3 96
23 3
1 27
98 29
93 25
1 58
20 57
26 50
68 54
39 44
42 53
66 15
48 4
10 98
4 90
13 74
96 44
82 69
39 64
24 76
72 36
6 20
7 28
22 23
39 87
32 71
71 24
80 16
69 21
65 21
