88
5 12
4 17
15 16
2 33
64 97
36 41
90 92
4 48
52 58
80 98
27 28
12 96
60 94
3 44
13 99
2 82
9 20
10 34
35 55
52 62
75 97
83 89
67 90
37 98
26 89
1 34
5 23
17 30
67 78
24 38
8 82
25 95
5 75
32 70
10 65
11 56
18 57
57 66
14 91
38 81
34 94
45 55
76 87
18 69
25 72
16 46
14 61
39 49
18 22
72 76
15 69
32 82
52 76
45 63
34 75
3 94
27 98
94 98
22 77
36 70
57 88
44 79
11 51
4 68
45 99
53 51
63 74
70 96
26 65
25 52
36 63
8 77
61 80
52 68
24 43
31 33
15 36
57 77
20 90
17 38
66 64
48 86
3 88
26 57
0 63
40 88
43 92
19 76
