105
85 7
81 13
70 3
67 95
9 71
5 65
10 87
15 91
63 6
96 42
16 77
1 61
20 8
15 30
28 29
56 32
52 48
39 1
30 55
73 59
71 80
48 90
71 31
86 38
34 64
22 96
7 23
67 58
62 72
52 39
88 79
76 20
62 7
74 30
4 27
97 78
84 69
62 99
37 97
55 21
57 59
42 73
55 80
63 30
55 73
50 84
99 48
1 42
80 76
70 66
1 9
11 12
44 18
28 99
2 99
99 19
65 67
30 18
38 83
42 98
16 98
88 57
1 85
76 37
45 63
23 0
56 0
1 24
69 89
30 23
91 85
20 15
35 5
57 83
10 7
25 15
54 64
0 79
94 26
32 79
15 57
48 66
90 94
95 64
8 41
15 48
24 45
66 34
45 44
77 94
84 24
65 11
83 54
68 49
82 47
38 41
77 88
43 7
36 37
46 22
36 42
11 21
54 7
39 12
46 32
