115
37 3
91 97
89 96
28 96
48 12
7 76
72 96
94 34
31 82
62 8
35 40
7 54
44 90
82 86
95 73
65 11
53 3
17 45
54 56
38 6
55 71
75 17
21 28
7 52
54 29
15 73
9 58
43 95
34 61
1 14
88 80
69 79
57 84
51 96
64 67
12 24
25 30
16 49
7 13
18 9
95 20
95 54
22 75
68 26
92 3
20 65
22 7
81 59
48 88
80 38
81 0
99 0
87 59
82 63
68 69
14 21
85 90
87 23
89 0
27 15
87 55
67 52
34 93
22 67
0 83
89 52
99 41
62 86
8 86
8 79
0 40
14 41
58 99
92 72
72 18
42 61
94 15
86 69
73 81
99 63
58 92
98 83
13 28
36 45
51 55
10 98
32 17
51 17
38 66
2 61
25 50
0 23
87 14
77 95
25 90
94 40
29 32
43 27
37 75
57 38
48 34
56 43
39 86
59 72
44 72
8 27
73 33
75 45
79 28
65 19
82 45
72 55
66 59
72 66
93 67
