96
88 69
67 1
4 3
6 93
96 90
12 49
66 48
55 42
17 1
68 69
40 38
93 93
20 96
74 92
78 3
0 99
2 19
39 89
64 69
50 23
35 95
16 53
1 11
10 63
8 40
55 34
90 46
16 4
83 88
29 84
16 45
23 40
36 38
14 79
36 82
72 78
46 7
28 69
99 99
1 85
7 99
11 7
16 72
25 60
28 46
35 87
37 15
26 26
26 95
83 78
12 69
43 7
50 48
9 16
16 15
28 23
87 89
51 62
76 17
16 24
16 17
24 18
21 8
44 30
68 67
54 68
64 57
99 54
28 34
55 54
61 8
31 6
12 84
31 46
10 58
78 10
99 28
90 21
17 31
73 86
66 4
97 79
3 30
98 36
66 95
49 97
86 48
41 75
39 59
72 53
43 22
62 18
18 93
47 14
30 28
22 79
