108
76 98
95 70
86 91
69 4
13 46
71 77
76 61
5 95
35 70
68 49
51 4
97 30
72 82
65 23
35 47
78 91
68 5
31 85
60 83
53 77
35 52
48 38
95 9
49 54
1 8
35 30
22 46
6 22
23 6
84 37
48 80
25 54
58 37
44 36
3 32
81 13
70 24
5 61
2 57
47 61
79 97
12 64
66 18
75 37
19 33
33 38
49 71
91 81
16 17
72 18
79 50
9 78
4 27
91 34
77 52
44 8
53 5
31 8
48 99
14 75
15 31
30 36
84 58
98 56
0 90
84 3
13 0
13 25
56 91
52 29
27 68
9 70
6 38
31 91
44 41
17 50
63 52
94 89
12 70
75 44
88 9
51 21
61 46
37 1
25 72
0 79
31 99
21 88
86 20
1 38
87 70
58 70
21 61
63 3
6 89
8 9
98 40
94 55
41 95
38 80
41 20
39 56
21 18
83 27
27 21
29 28
58 15
86 48
