104
0 3
92 2
0 94
92 10
92 90
92 18
92 26
92 74
92 34
92 66
90 81
92 42
92 58
92 50
0 9
0 90
0 18
0 25
0 74
0 33
0 66
0 41
0 58
0 49
8 2
28 2
72 2
12 66
12 58
12 50
0 82
12 74
12 10
12 90
11 18
12 82
12 26
10 35
10 43
28 10
40 1
28 90
72 10
60 1
72 90
28 18
72 18
48 2
28 26
28 74
72 26
72 74
28 34
28 66
30 81
72 34
72 66
70 81
28 42
28 58
72 42
72 58
28 50
72 50
41 10
59 10
41 18
59 18
41 26
59 26
41 34
41 66
59 34
59 66
41 42
41 58
59 42
59 58
41 50
59 50
40 91
60 91
48 10
40 81
52 90
59 82
40 75
60 75
50 81
48 66
92 97
48 18
48 26
48 74
48 34
48 42
48 58
48 50
7 96
27 96
72 97
40 98
57 96
47 96
