108
67 99
68 85
88 8
38 96
63 16
93 31
39 43
3 90
82 97
73 26
8 50
41 33
57 34
8 45
72 9
75 32
39 74
67 61
96 52
86 63
29 85
57 73
65 36
59 59
12 96
28 12
12 12
40 99
12 87
5 22
87 83
28 82
25 49
55 63
70 32
87 95
93 82
92 38
4 4
1 8
43 7
74 0
23 55
10 91
59 23
13 26
21 59
13 36
62 63
27 65
25 79
11 82
17 45
10 51
13 66
72 68
99 69
80 37
56 73
5 74
87 25
61 82
99 75
98 30
74 47
68 70
46 69
91 98
48 13
54 87
47 37
0 62
94 45
33 76
12 71
93 12
83 0
23 32
11 65
8 0
29 96
0 32
96 96
51 90
54 45
18 29
4 14
37 36
85 77
38 2
38 57
30 71
24 96
77 95
3 28
30 5
92 68
35 19
55 19
27 31
19 15
83 46
70 53
31 62
27 34
14 80
37 62
21 20
