105
44 7
96 94
77 38
64 96
97 84
79 95
97 35
82 38
71 8
71 9
0 78
0 76
95 55
92 43
96 48
62 28
73 51
52 32
59 47
15 92
21 13
9 72
16 73
40 21
38 45
4 97
10 15
50 78
86 26
34 71
32 43
92 4
21 4
2 27
99 61
74 88
17 59
69 68
55 74
7 54
48 62
70 83
78 86
75 79
10 91
88 63
52 64
92 20
18 86
24 79
75 63
81 76
21 53
8 6
37 21
60 57
34 35
8 60
43 72
53 60
14 0
77 23
79 61
90 92
35 92
73 72
99 21
99 0
45 0
29 0
0 3
61 81
76 0
0 18
17 43
32 83
24 44
34 69
54 25
0 56
16 36
65 9
34 26
50 98
52 44
64 77
53 87
47 11
98 18
86 10
88 73
25 23
51 4
66 14
32 62
25 94
5 32
10 39
46 87
29 67
66 54
2 86
5 41
16 81
83 70
