113
0 56
72 4
22 94
95 30
40 96
21 92
51 91
33 72
60 89
52 39
8 96
0 97
10 86
76 82
4 53
34 20
31 26
22 61
27 37
24 43
69 2
19 78
52 3
85 29
54 95
82 14
99 22
84 58
56 78
20 51
29 51
38 55
34 6
90 47
38 24
53 28
55 0
16 56
30 59
72 57
41 56
88 69
81 83
13 64
83 0
70 7
62 52
7 37
95 82
20 12
36 72
49 79
90 98
99 0
9 34
61 60
11 80
59 81
80 43
99 80
69 56
98 44
26 0
99 65
1 39
91 81
23 99
38 66
33 32
38 47
61 70
8 42
45 64
20 17
0 20
66 22
1 6
73 14
5 23
25 76
0 80
79 98
36 93
19 4
89 32
15 87
2 28
10 40
75 46
79 89
3 67
16 26
20 22
41 4
82 68
40 88
47 36
43 18
55 9
52 62
44 50
17 73
81 75
57 11
66 80
59 17
84 43
63 26
69 39
66 42
61 41
71 65
54 64
