112
4 50
22 98
21 83
2 28
3 36
45 88
10 4
33 95
65 33
3 64
57 91
60 88
35 72
72 58
13 5
23 94
79 52
62 45
97 76
1 34
13 80
85 42
77 7
12 26
67 8
77 25
81 29
25 72
71 67
86 90
63 23
90 63
22 72
40 25
90 44
47 8
64 35
56 72
46 56
40 71
82 78
79 79
75 68
69 81
21 2
40 5
27 13
55 80
17 61
23 98
0 0
28 27
20 14
19 43
33 39
3 91
63 6
35 0
49 99
0 95
20 22
99 82
84 13
70 14
81 5
67 0
84 0
98 7
17 11
34 20
87 21
50 0
60 99
51 15
77 78
88 69
15 22
62 83
98 32
30 4
79 92
45 29
34 16
93 40
24 66
34 54
80 34
3 8
97 88
80 97
95 46
94 16
93 24
9 62
18 47
41 74
29 85
61 67
71 46
47 40
57 50
58 64
44 40
41 14
57 18
14 40
22 28
27 33
37 44
78 59
44 65
71 93
