110
91 44
1 3
96 87
90 30
21 3
92 64
3 43
21 55
37 60
1 11
2 17
8 39
30 18
34 75
58 19
88 89
97 78
83 74
51 98
16 4
4 13
0 27
6 17
47 22
39 43
56 35
95 87
9 96
65 95
28 18
41 17
40 41
34 95
71 89
68 86
42 91
72 75
7 31
35 7
85 88
72 79
84 57
93 10
97 60
14 28
23 33
15 81
61 26
62 65
28 73
73 40
55 96
39 93
52 3
0 48
15 28
58 90
80 30
1 80
23 88
29 42
94 96
27 32
12 12
18 92
38 86
23 40
87 1
29 24
0 76
73 0
21 85
0 98
14 93
53 49
55 0
54 10
31 41
46 44
14 71
2 62
91 39
99 24
74 29
64 71
23 99
20 9
10 63
80 60
30 67
19 49
46 27
22 23
68 79
62 13
77 11
87 23
69 10
75 25
42 6
48 79
33 89
75 56
71 41
65 40
66 57
58 69
45 65
48 59
48 54
