113
98 2
84 3
86 10
98 22
60 96
55 81
86 69
70 75
51 74
39 93
9 2
23 25
11 72
82 23
34 91
68 66
1 12
23 43
73 46
57 61
28 97
27 85
16 27
18 41
82 52
84 74
89 26
64 82
55 56
12 65
16 65
75 41
42 12
72 24
31 21
26 39
2 53
81 97
27 28
74 58
46 70
97 67
93 53
90 28
0 16
47 2
16 9
24 1
32 52
50 54
39 65
26 21
38 27
37 41
68 32
59 43
15 99
98 53
36 64
59 44
85 33
53 45
98 83
42 36
95 37
42 53
2 99
74 99
33 41
33 7
38 82
68 0
3 46
18 56
83 60
12 16
34 0
9 45
39 50
39 5
40 20
45 61
70 71
57 34
99 78
54 2
45 43
56 52
58 30
32 57
0 68
2 77
14 91
6 31
48 96
76 91
84 78
70 8
69 14
68 47
22 94
4 26
19 85
66 5
47 20
64 76
24 77
82 43
26 70
40 75
24 55
73 39
51 31
