107
13 1
4 77
33 3
96 11
27 0
94 27
98 35
75 86
28 29
96 90
94 91
29 11
11 34
54 92
9 52
44 13
21 15
99 95
49 38
36 71
62 2
9 0
10 90
13 73
51 18
56 54
89 67
46 90
39 54
6 14
90 79
68 13
46 73
56 36
74 62
12 64
34 38
68 49
4 30
75 97
59 23
51 57
48 58
46 79
24 54
30 58
42 96
79 14
84 16
92 4
90 32
78 28
71 66
0 53
14 48
55 69
53 69
85 22
81 37
96 73
55 0
75 21
69 29
36 66
0 25
99 0
78 0
86 71
80 79
36 90
31 97
13 79
52 78
98 80
36 22
21 61
42 48
67 73
87 86
17 67
94 64
68 43
53 17
60 96
61 17
92 20
25 96
23 84
14 26
27 78
22 62
91 49
90 50
25 36
85 53
64 32
56 63
67 68
72 1
20 10
36 46
61 47
81 5
85 42
44 28
42 18
55 30
