201
3 14
0 98
4 63
93 92
4 0
99 89
88 98
99 0
1 4
0 19
64 5
0 93
99 82
99 27
94 0
78 0
19 0
48 0
0 82
1 79
0 26
0 68
1 33
0 47
0 54
1 40
4 98
80 98
65 98
46 98
32 98
19 98
99 18
99 25
98 75
98 68
99 60
99 44
99 53
97 39
84 96
12 0
81 0
67 2
39 0
93 14
26 0
28 96
58 0
93 5
79 7
70 96
54 95
5 93
14 96
63 94
47 93
32 91
5 84
86 7
94 21
94 84
19 5
5 77
19 91
80 86
84 19
34 5
69 89
84 89
94 77
83 82
93 70
69 11
93 54
84 66
55 88
69 81
83 72
49 87
85 51
5 19
15 9
14 89
18 14
4 70
5 54
94 28
80 21
66 13
49 4
19 82
33 84
29 88
15 81
79 79
73 16
11 67
19 75
38 77
80 26
89 37
36 11
91 39
79 68
65 75
5 49
4 35
21 67
30 81
14 73
93 47
84 58
83 37
70 75
80 63
57 81
40 79
49 11
21 60
29 72
43 74
27 67
79 58
83 42
68 67
75 40
84 27
46 77
63 73
72 58
76 46
65 56
58 72
49 68
35 67
64 61
49 60
54 65
11 16
29 11
4 28
14 23
25 14
19 28
20 19
6 40
16 30
25 21
42 19
54 9
40 7
65 19
37 23
56 17
71 20
15 37
14 52
14 61
15 44
19 35
79 35
65 28
51 19
33 26
68 42
26 32
39 23
56 24
21 39
20 58
28 54
35 59
19 51
30 37
29 46
36 42
69 30
69 35
61 47
50 59
35 32
33 49
41 28
58 32
41 46
49 34
63 32
58 46
49 31
42 37
61 42
54 39
58 56
40 63
40 60
46 42
58 53
41 48
26 56
47 51
