109
3 94
0 89
93 2
3 28
2 21
71 98
44 8
32 6
27 38
1 56
19 93
7 8
18 73
62 9
32 82
30 30
18 10
25 5
65 2
63 97
60 11
53 33
9 69
92 59
63 43
2 6
9 20
94 85
32 66
94 78
88 87
71 86
57 62
28 74
14 49
21 43
19 59
95 43
61 82
33 19
43 15
42 22
40 25
20 15
92 67
88 38
81 33
4 85
30 27
30 21
89 16
22 54
6 0
62 63
64 69
38 92
49 82
0 70
11 99
39 0
74 9
23 79
0 13
3 64
9 61
77 0
54 11
55 31
62 17
76 83
31 91
93 96
2 38
6 37
36 52
91 73
93 10
45 99
39 85
23 29
92 24
71 23
82 49
35 45
51 52
11 3
79 14
87 30
54 96
59 77
78 57
74 54
43 39
51 75
37 71
80 84
87 69
73 64
55 25
60 52
53 45
51 27
53 87
44 74
83 20
64 91
80 75
55 69
87 81
