119
3 98
1 94
97 36
95 9
18 93
3 23
1 9
86 30
37 62
26 5
75 78
93 94
95 81
72 3
43 2
13 90
57 91
82 17
45 21
52 39
43 90
99 0
66 16
25 25
68 71
94 72
9 18
78 61
49 48
96 38
44 98
27 75
29 20
40 23
27 61
25 75
85 10
96 22
87 24
1 37
15 67
68 14
34 14
77 4
26 11
5 55
86 92
90 80
0 54
21 2
99 15
47 21
17 13
62 63
8 41
14 56
44 66
73 98
59 99
40 3
99 99
27 25
57 53
99 85
54 17
55 81
72 47
61 58
1 68
63 0
17 67
91 0
48 11
83 63
17 18
9 0
98 62
86 48
54 24
59 77
99 24
0 84
73 22
69 53
39 86
79 99
69 79
26 31
79 70
3 75
63 5
70 33
80 49
52 75
37 42
38 52
23 54
6 61
30 79
29 93
55 33
52 47
62 19
56 32
10 81
22 89
89 74
74 84
65 95
71 86
9 36
23 39
15 41
67 31
28 47
23 33
54 67
16 81
32 71
