115
8 64
96 1
63 23
35 96
2 9
93 4
77 98
97 37
34 91
6 38
61 7
1 24
38 85
92 81
17 80
81 19
64 52
52 0
82 79
51 14
41 63
8 10
30 8
54 34
1 18
96 17
21 74
2 99
17 98
51 31
94 58
56 87
71 59
98 93
3 82
49 20
50 22
35 21
45 91
53 7
38 35
2 35
78 84
15 13
84 51
33 60
47 59
14 23
20 18
21 54
30 60
90 20
35 49
99 88
79 0
91 66
42 6
54 79
99 43
68 66
67 59
88 11
99 56
27 34
2 43
83 99
91 90
22 43
3 88
23 1
46 12
93 88
38 1
19 22
60 92
99 23
86 74
76 64
85 26
3 94
98 65
9 2
48 99
2 71
69 11
70 37
83 43
63 95
22 88
85 29
24 79
85 34
11 60
29 74
8 49
12 33
46 73
52 60
59 80
70 71
28 54
85 58
22 60
62 37
51 46
43 44
54 42
29 14
34 28
34 13
68 78
92 52
61 72
63 86
42 26
