111
96 77
13 82
93 28
38 91
58 21
30 2
77 87
94 95
68 89
88 32
31 31
76 2
79 81
1 54
93 55
36 22
2 67
11 79
23 67
92 12
35 14
64 73
35 67
42 35
87 71
89 46
1 45
27 70
86 94
98 85
60 52
85 16
71 58
11 12
57 69
56 69
64 77
4 76
79 44
5 2
16 28
61 58
73 29
2 26
70 40
12 26
29 64
30 23
56 80
57 94
69 71
39 91
65 24
0 6
14 8
99 63
57 99
3 43
90 0
66 34
91 6
25 93
2 98
5 35
56 35
1 20
35 98
62 0
79 72
99 13
98 43
85 68
74 11
41 11
62 52
52 41
59 30
65 99
45 78
79 32
9 72
7 58
51 1
92 18
10 93
16 95
23 0
78 55
6 29
30 90
60 6
16 56
32 56
19 39
22 42
18 14
20 12
6 20
74 18
69 4
67 15
80 41
29 49
32 47
55 61
38 53
38 49
56 44
48 48
83 23
31 40
