111
4 3
18 77
24 41
97 11
2 71
3 52
57 97
27 41
33 54
99 21
71 46
14 53
2 93
78 21
20 47
62 38
55 22
46 34
56 36
42 42
25 10
3 65
41 3
28 10
9 5
56 78
22 82
93 35
42 12
81 2
98 89
6 19
14 34
89 37
84 43
77 60
64 34
74 6
56 92
66 64
56 55
48 80
57 51
87 22
36 77
25 52
28 19
74 72
52 62
62 88
64 17
56 29
75 0
68 65
38 76
82 20
41 85
59 99
58 57
48 58
68 74
61 78
94 44
88 31
73 24
67 20
57 43
77 41
99 67
99 98
15 99
83 99
75 52
44 48
42 21
98 53
54 61
73 57
53 76
99 30
43 14
65 10
29 96
7 33
8 77
93 3
94 53
26 62
17 61
84 97
19 97
6 85
27 4
19 16
90 71
60 1
7 96
84 85
46 3
61 7
38 20
84 6
78 95
82 78
87 63
64 94
76 80
35 62
26 74
44 65
58 70
