118
51 0
94 83
76 98
0 50
64 6
63 33
95 30
6 36
6 56
56 7
1 8
65 97
60 11
8 25
83 79
88 73
77 20
38 7
1 34
3 82
81 16
66 30
4 70
52 99
94 44
24 38
26 56
17 5
44 39
53 53
27 93
42 15
52 27
21 13
61 69
17 80
62 96
9 10
63 61
24 32
73 8
34 25
37 39
64 82
68 8
31 0
87 89
95 14
30 47
38 54
40 56
28 22
71 59
55 71
66 38
69 0
41 50
62 59
37 17
21 56
75 38
42 40
68 82
99 37
99 92
19 0
21 98
76 97
42 0
69 51
55 48
28 38
22 47
99 18
23 19
42 93
24 29
26 6
4 74
88 59
1 92
32 52
13 39
55 55
2 96
87 5
84 33
7 51
68 24
48 20
39 64
9 32
90 48
11 18
35 97
45 84
45 67
35 81
54 83
15 94
29 86
25 71
10 67
18 73
88 63
72 66
84 40
26 66
80 47
8 81
64 89
77 64
58 36
72 92
83 70
69 73
52 44
30 11
