114
7 5
92 24
96 38
98 73
0 83
76 13
85 68
58 41
84 98
17 83
3 37
49 77
0 29
70 23
93 47
80 98
4 21
17 68
52 18
46 34
75 34
28 13
89 88
2 24
0 38
51 65
31 88
97 91
88 44
74 81
16 67
80 29
18 15
22 29
13 40
68 88
54 75
93 54
84 11
6 81
48 24
52 24
54 31
62 60
62 53
48 57
80 37
74 51
80 76
33 15
37 26
52 85
82 73
42 4
66 46
21 0
23 45
71 17
98 47
40 85
72 63
1 53
1 97
8 44
18 47
61 17
87 17
56 0
88 40
8 25
88 82
73 44
26 72
1 10
82 89
82 31
71 74
67 82
18 9
66 23
98 30
73 2
12 53
69 99
0 62
94 10
16 58
31 67
47 93
25 96
23 81
39 97
45 63
20 23
84 54
66 39
32 56
25 62
72 96
57 90
8 67
55 4
42 10
58 10
65 76
28 37
37 48
32 33
39 48
45 42
30 23
48 9
7 30
9 61
