119
38 2
37 53
31 23
30 4
98 76
18 50
6 8
92 35
99 65
34 46
25 19
2 14
23 42
79 31
32 15
5 43
62 11
3 71
32 28
28 47
70 1
5 99
18 89
55 32
15 76
65 9
75 20
8 98
98 95
60 66
83 8
0 25
37 37
22 5
99 0
91 12
74 47
52 60
77 61
63 55
53 64
99 38
69 47
73 79
32 92
48 69
79 81
69 55
1 41
49 80
5 28
14 31
80 12
53 0
27 85
62 90
63 73
2 37
7 75
14 48
34 70
32 87
63 81
91 82
83 67
64 4
25 63
23 92
65 22
54 59
84 84
70 93
7 5
0 92
33 98
98 22
98 60
75 42
65 52
54 38
94 4
61 43
61 96
74 98
51 23
91 97
46 14
82 40
99 7
45 99
14 0
2 85
47 97
93 21
91 53
21 80
0 62
2 46
46 83
77 78
84 62
68 99
16 18
11 57
12 71
23 33
29 68
46 37
67 79
7 94
10 15
72 26
55 42
83 76
29 77
54 93
35 78
61 35
73 33
