115
5 79
0 32
36 99
9 90
1 4
5 62
3 21
31 6
7 68
58 72
94 15
76 89
79 27
37 71
31 57
93 87
60 94
1 39
85 11
57 91
18 65
23 43
79 68
8 54
5 11
15 13
25 94
47 45
80 85
20 31
14 60
91 52
48 21
27 53
60 63
31 48
55 61
52 47
46 49
58 3
51 1
44 86
38 14
52 21
81 61
86 45
46 93
7 73
77 38
81 28
79 93
65 89
87 94
40 68
54 70
26 77
43 14
79 43
79 80
99 55
0 98
31 39
28 25
40 0
99 17
28 0
98 32
4 99
21 98
74 33
62 31
46 39
61 40
92 0
98 99
76 52
13 24
65 30
21 47
4 35
66 99
65 79
23 1
48 23
62 10
29 20
30 34
36 67
84 75
0 52
63 77
86 1
91 67
38 85
14 45
55 26
77 5
83 20
70 14
67 15
94 36
96 41
55 7
39 83
66 45
18 18
93 21
34 23
72 60
69 53
40 59
62 55
38 51
51 40
56 56
