111
38 99
50 94
5 54
94 28
7 96
94 24
55 95
97 13
1 23
42 91
56 5
6 59
85 22
79 36
39 78
59 71
67 45
0 91
20 87
46 39
11 93
93 84
95 75
96 71
81 34
28 55
18 30
64 66
34 94
97 2
85 86
91 74
15 23
67 20
63 16
68 15
88 39
32 39
53 69
24 83
90 43
54 33
16 68
73 52
56 51
42 58
78 5
47 69
53 65
95 82
24 93
32 78
91 53
21 54
74 50
85 99
55 24
40 44
26 12
7 18
78 60
15 89
6 40
16 20
27 59
28 29
14 51
0 82
59 23
83 74
15 98
46 79
60 78
5 1
96 7
0 9
0 32
75 76
82 10
74 42
98 36
27 8
94 98
71 97
70 91
97 56
30 22
39 74
19 4
10 75
43 29
71 24
34 6
9 35
42 7
86 60
78 67
54 40
61 10
13 15
24 76
42 13
34 25
73 33
48 20
32 44
35 58
49 55
15 82
53 10
40 52
