90
1 2
17 45
28 42
73 96
61 43
97 6
78 2
20 42
48 37
57 49
92 7
80 97
94 80
70 26
67 54
69 88
26 10
80 45
73 87
69 34
0 9
79 90
83 35
53 38
73 29
59 28
50 21
94 85
16 27
65 71
53 44
88 80
78 86
84 23
83 28
78 64
48 26
15 9
16 10
69 14
81 11
77 16
83 76
89 76
82 42
71 45
28 15
15 35
93 91
84 72
83 56
82 8
73 71
78 57
89 48
75 49
80 62
15 18
62 25
72 81
54 20
51 6
93 61
92 99
16 52
83 16
54 12
51 23
99 12
47 0
83 69
88 21
90 0
97 55
98 27
91 29
13 3
2 28
37 10
38 31
68 5
54 3
1 14
98 42
30 24
98 69
8 32
18 4
64 63
70 62
