97
3 54
2 3
19 93
14 79
90 34
1 99
91 89
33 39
91 54
15 43
6 2
95 78
87 90
48 75
49 6
31 33
45 40
84 17
75 30
69 91
14 54
50 23
14 78
2 10
81 5
75 19
17 17
99 1
36 20
70 22
23 34
63 0
91 50
68 37
55 30
55 43
62 88
25 44
4 20
81 38
59 43
60 25
45 24
42 99
73 68
84 58
21 52
76 54
34 99
38 1
77 48
36 13
28 67
9 10
95 32
7 65
66 53
48 11
34 6
22 85
28 75
61 60
58 0
86 53
24 58
31 18
71 61
81 99
41 34
75 0
53 99
68 26
55 81
77 91
78 74
63 99
64 83
23 66
94 11
64 9
65 67
69 40
93 20
89 25
81 82
37 91
56 95
36 55
28 92
36 80
46 70
44 67
39 56
52 57
24 23
59 8
57 54
