111
60 7
10 80
1 22
7 98
11 58
50 37
96 87
12 76
8 55
79 17
40 67
49 52
31 7
67 13
76 33
18 44
31 42
8 36
69 70
56 76
67 30
49 15
61 59
44 13
31 39
37 42
43 48
91 76
70 34
58 77
76 89
35 68
39 56
96 5
0 28
30 88
0 60
31 18
69 44
39 27
18 33
14 33
23 22
86 64
36 23
74 46
46 90
33 13
80 63
23 27
80 33
69 91
8 40
50 21
54 44
86 10
54 66
44 89
32 35
22 52
99 73
0 98
30 95
52 88
62 93
54 81
77 73
53 93
63 45
98 19
82 73
66 99
82 3
99 99
33 1
17 66
1 46
68 83
42 16
71 49
92 69
13 2
56 99
99 31
14 95
68 4
75 38
35 19
90 61
98 49
26 49
93 86
7 15
11 12
17 81
26 81
91 46
88 45
96 14
87 17
90 32
8 62
39 75
35 61
70 60
46 33
83 80
56 36
61 85
6 25
44 76
