113
17 5
2 7
17 97
86 92
3 65
69 2
92 97
77 96
12 83
73 81
43 49
38 35
67 59
56 40
6 22
45 8
78 46
7 16
1 69
41 8
18 88
34 91
16 73
85 71
95 75
70 8
2 36
4 39
95 26
94 60
41 22
71 49
71 85
87 40
68 78
27 71
41 63
44 37
83 86
30 13
58 35
36 88
38 24
23 49
29 87
83 80
43 76
56 57
15 13
71 64
28 58
64 52
91 67
28 62
32 48
13 32
16 30
14 96
29 79
31 73
12 52
40 54
35 12
6 47
22 66
9 79
57 46
64 10
99 70
19 89
64 33
23 44
64 64
38 40
97 32
94 43
97 4
18 83
73 16
46 99
92 1
14 23
95 90
28 2
68 97
60 96
78 7
41 95
55 9
79 66
54 90
89 53
55 19
54 74
49 76
45 54
88 26
78 36
74 22
57 84
57 69
49 14
59 25
72 33
14 56
7 64
80 23
24 21
74 25
24 29
18 38
33 34
19 65
