116
97 85
2 21
4 37
98 65
79 2
92 10
79 90
72 17
33 29
62 51
26 4
68 3
47 95
60 88
12 96
15 9
75 42
58 33
63 48
55 97
49 7
35 70
92 84
31 91
34 88
98 55
67 17
39 13
15 52
71 62
49 78
54 37
47 60
91 12
58 7
88 55
75 36
82 87
93 48
67 67
47 32
11 40
36 64
54 18
60 64
18 95
81 72
39 79
52 87
95 77
89 64
25 43
8 60
96 45
21 60
56 55
20 68
7 4
99 5
50 29
83 79
39 15
54 75
0 64
73 99
33 23
21 78
42 51
0 96
24 29
41 46
54 0
86 75
75 65
28 70
32 98
40 5
66 11
49 11
70 53
15 64
89 60
0 9
75 85
99 28
88 98
10 23
18 36
84 27
26 87
73 10
4 98
99 36
43 99
1 75
12 86
81 44
6 81
20 84
22 4
18 16
31 9
90 40
69 32
4 89
67 77
65 26
41 29
53 73
48 43
34 46
29 62
27 48
45 87
50 70
28 38
