96
29 4
4 57
59 51
1 2
86 82
11 53
28 19
67 64
59 76
53 5
56 22
23 11
11 26
96 30
68 93
74 25
99 38
21 83
17 68
16 25
25 14
69 87
94 60
94 7
89 76
62 68
2 19
0 28
53 99
13 94
16 78
13 98
19 10
80 17
93 23
81 32
83 72
19 71
8 12
11 19
91 21
75 18
75 85
64 14
56 12
60 28
93 78
52 91
24 92
59 96
9 63
80 58
74 65
66 37
63 42
18 50
48 66
12 89
87 58
7 73
24 64
30 74
17 88
18 19
98 54
98 7
27 99
87 8
92 62
99 45
96 0
15 1
13 63
8 95
0 69
92 46
83 24
84 50
1 79
67 33
70 99
50 83
25 50
73 3
25 32
76 96
67 84
31 85
82 5
67 4
98 73
85 39
78 47
70 47
3 98
1 90
