114
3 80
5 96
91 63
55 97
41 89
97 79
4 3
33 86
0 0
83 14
17 67
77 59
96 63
79 63
30 50
20 6
33 13
26 75
50 76
87 3
6 79
99 3
12 32
66 79
56 24
84 94
82 79
68 17
86 57
64 67
0 5
15 47
19 39
69 55
16 32
82 37
43 60
86 17
61 9
63 17
51 11
73 33
50 85
7 11
82 86
33 40
59 47
89 38
88 41
59 8
99 50
43 40
44 40
12 13
23 25
47 58
99 36
77 30
72 84
29 24
36 81
20 99
19 81
98 17
99 20
37 51
61 88
30 20
53 63
22 7
99 8
29 2
35 34
44 31
83 96
69 1
1 54
76 99
56 30
81 84
39 45
75 94
73 79
63 44
76 51
82 9
53 45
46 25
11 99
3 26
95 93
61 98
59 81
47 70
1 43
3 60
17 14
37 59
60 39
3 87
12 68
54 2
3 19
31 70
27 56
74 38
87 28
90 50
67 40
58 67
62 60
9 22
37 23
26 35
