112
84 91
1 27
69 4
67 85
3 87
97 78
66 4
1 59
77 74
51 10
7 40
19 93
67 30
53 68
0 95
6 99
96 60
51 97
47 94
43 31
38 39
65 58
47 60
10 84
45 1
74 20
74 22
95 54
76 43
69 58
43 58
69 93
81 76
25 76
35 70
39 47
97 41
29 46
26 61
62 44
53 45
52 83
52 21
98 71
45 99
56 87
92 56
97 24
15 92
9 39
9 73
22 73
92 31
91 63
82 65
97 10
37 72
47 39
55 38
3 15
31 62
99 3
71 97
99 91
54 91
1 8
21 99
28 85
44 70
28 27
2 65
18 61
52 0
30 1
85 50
30 43
86 9
45 53
85 87
4 1
99 17
91 23
59 59
62 67
11 69
65 11
85 0
35 86
86 55
2 45
83 5
94 37
4 24
19 20
14 53
66 98
30 7
28 21
40 11
37 25
84 30
8 31
22 41
76 69
67 47
75 60
82 24
29 71
27 57
82 41
69 35
75 29
