111
90 94
83 96
49 26
65 54
55 2
99 24
65 17
4 50
48 93
53 41
1 18
98 32
84 33
8 81
51 31
34 50
73 40
30 10
78 20
29 27
52 85
92 17
94 72
75 69
56 12
41 35
40 60
43 40
94 60
49 96
52 6
37 8
89 43
52 23
1 84
14 90
65 97
10 27
70 85
17 63
26 45
36 46
18 51
20 37
17 20
14 24
35 78
39 14
87 55
44 18
77 41
1 36
32 40
49 84
91 61
98 99
71 44
99 0
28 80
24 34
18 61
94 0
8 98
16 66
81 26
71 61
64 0
71 79
96 79
27 0
5 55
74 71
28 49
7 16
33 1
22 84
34 67
21 29
10 47
38 82
99 54
71 2
8 66
22 94
4 41
51 57
12 9
19 2
80 7
94 8
4 75
32 63
55 64
89 67
74 62
18 76
84 10
85 88
22 10
92 25
62 90
60 72
48 64
77 34
38 22
51 78
95 86
80 91
16 88
81 80
63 81
