111
5 15
3 93
0 96
15 5
87 12
29 95
4 65
91 99
0 60
53 0
6 3
9 31
97 59
2 49
7 47
89 97
20 90
78 71
82 59
82 82
76 85
5 66
17 34
36 31
94 78
75 28
0 94
99 6
34 11
51 52
29 13
31 15
45 28
27 24
78 23
91 60
92 46
8 48
98 92
0 31
61 32
51 25
67 54
60 88
46 93
31 69
34 43
49 0
18 59
27 52
20 95
51 57
98 21
70 57
45 42
82 22
92 30
16 24
35 79
57 16
99 43
25 83
59 25
13 39
43 84
66 75
52 83
92 14
99 29
98 36
76 0
13 72
58 97
14 99
44 1
37 82
64 41
63 71
27 57
45 33
99 72
59 0
76 7
63 14
59 40
35 64
11 80
78 42
62 83
76 91
74 96
72 70
29 1
92 73
65 97
24 30
46 17
77 44
25 47
55 66
10 62
35 1
21 9
21 75
61 83
75 38
59 44
86 49
65 60
20 68
56 39
