88
94 73
54 0
55 73
61 73
1 35
94 2
60 0
60 92
56 93
66 26
27 59
96 45
26 2
37 26
1 60
1 8
55 96
61 28
50 26
4 82
11 87
27 18
95 40
39 85
50 95
93 8
24 99
93 55
95 28
95 35
27 6
84 55
73 13
86 72
87 25
25 73
58 26
36 2
85 0
59 86
97 22
28 48
28 95
47 85
25 12
84 37
16 60
18 38
0 74
26 84
88 47
29 53
10 55
31 83
88 99
74 86
83 18
29 38
93 67
30 65
64 84
36 82
61 35
83 26
14 85
29 90
97 95
74 98
76 60
75 39
45 60
80 5
3 25
15 24
15 71
62 12
38 18
47 38
44 53
17 42
10 96
17 2
3 94
8 40
92 14
14 49
17 97
41 93
