116
5 69
4 84
0 90
82 96
68 97
6 1
88 4
53 43
11 18
61 10
93 95
39 71
79 78
51 63
19 36
1 9
97 74
5 41
65 26
70 81
42 91
38 82
35 76
66 57
8 87
55 73
60 65
38 6
67 28
76 46
53 23
40 34
60 64
44 42
93 67
93 34
90 25
9 50
14 53
33 65
73 90
42 80
23 42
44 37
38 88
10 91
34 57
81 33
45 27
97 56
31 61
23 52
79 49
10 63
42 20
41 51
21 66
0 42
52 60
99 65
73 24
88 52
46 9
96 22
28 93
42 99
32 67
89 38
81 25
0 32
50 29
24 31
47 0
98 42
95 81
81 75
23 57
31 56
19 47
15 14
37 15
56 79
97 0
0 48
24 3
28 1
73 77
87 10
23 76
19 96
20 81
58 96
48 2
33 19
57 88
59 29
73 56
82 43
85 9
8 6
2 26
68 10
80 64
74 63
75 41
16 62
60 17
9 34
97 15
14 29
59 86
46 56
79 11
91 19
69 16
33 47
