103
31 91
93 36
1 30
8 72
10 52
76 49
96 93
95 34
97 45
1 50
92 10
27 15
32 82
82 64
33 30
95 85
9 36
42 56
59 53
55 95
45 46
53 33
42 24
93 25
79 30
2 67
35 89
75 36
36 4
90 75
67 83
51 34
89 86
74 89
70 12
57 25
65 53
92 76
69 78
59 67
17 35
6 24
22 30
76 71
88 45
78 55
26 98
54 47
34 11
44 77
53 89
45 66
58 90
51 66
1 17
12 26
2 8
98 54
18 56
16 52
90 17
29 50
47 99
69 14
44 0
0 97
80 82
9 43
22 65
56 99
27 16
53 40
8 66
88 69
89 98
23 37
43 71
11 99
75 99
10 95
6 81
53 11
46 48
81 90
62 62
63 99
12 11
18 8
13 80
84 4
69 2
42 8
27 74
32 59
59 12
61 82
74 64
45 34
60 33
76 19
19 74
75 20
77 10
