114
4 20
94 71
18 4
97 57
97 51
93 37
2 83
28 14
82 29
26 65
79 91
69 4
30 29
81 54
96 40
69 79
42 55
93 28
79 74
12 56
84 51
96 13
64 83
53 73
75 98
31 95
81 45
79 44
27 66
19 45
76 10
80 22
71 26
49 80
21 48
57 69
88 5
0 87
85 83
87 62
2 11
11 49
4 73
15 92
43 84
34 72
39 10
69 68
65 38
91 7
46 93
44 16
36 7
59 27
56 30
60 10
62 2
42 67
67 99
60 99
99 87
57 35
49 14
64 39
0 40
32 99
50 0
11 0
6 74
26 58
29 0
61 60
7 91
56 54
97 20
78 0
0 38
94 23
63 53
35 81
9 98
83 15
41 51
60 92
93 93
10 23
13 21
60 16
42 20
28 20
4 58
35 15
21 90
41 1
27 34
72 61
73 41
61 49
41 34
41 36
35 47
43 40
44 60
75 88
63 77
14 77
7 38
3 52
18 70
29 80
29 77
70 12
63 21
51 22
