113
18 98
87 4
13 44
65 17
68 75
48 19
1 6
0 48
87 23
30 15
13 91
3 81
27 8
7 70
51 95
89 51
17 56
55 84
96 89
25 80
14 32
72 23
47 92
34 35
70 56
61 16
51 35
92 90
13 79
43 86
46 51
74 91
52 85
44 36
26 85
84 41
19 3
2 65
78 48
34 42
44 60
45 59
34 76
21 59
60 65
7 54
9 68
73 26
71 33
79 83
31 64
28 33
0 22
83 69
69 81
83 84
41 99
60 99
58 54
1 12
68 47
98 75
1 99
73 0
49 51
88 60
74 98
28 65
36 36
82 55
73 58
35 83
22 92
58 79
27 41
84 77
86 41
34 5
3 89
98 13
48 2
65 61
1 95
94 29
0 31
98 96
80 99
9 0
90 9
15 18
72 5
36 57
88 98
95 81
82 9
13 16
17 24
93 36
34 20
43 16
15 58
8 19
94 73
85 34
42 74
56 64
80 77
37 29
18 74
27 75
31 60
28 50
42 49
