108
70 3
3 36
96 60
38 91
17 32
14 39
19 9
84 48
33 46
92 7
78 65
29 92
28 72
14 45
90 5
39 62
22 88
72 7
35 53
97 37
96 62
80 63
24 23
84 32
65 73
94 15
75 24
50 87
8 92
13 66
38 72
33 54
48 58
13 72
10 99
37 1
67 62
86 13
84 87
70 80
81 11
67 17
97 11
43 16
47 18
90 90
66 93
76 6
83 70
0 52
0 98
60 40
65 36
4 62
7 48
98 86
21 98
1 9
54 80
88 30
33 62
48 30
69 73
99 17
29 96
80 99
69 88
99 22
74 21
33 88
2 57
62 46
80 29
92 99
58 99
4 24
54 34
82 55
14 0
22 0
4 78
18 82
52 96
49 11
62 17
52 3
8 3
98 82
32 17
31 31
44 77
39 33
62 68
76 93
84 78
48 47
65 79
92 83
91 40
93 56
77 44
70 30
55 25
57 11
69 45
58 64
50 50
62 55
