104
9 9
60 6
9 60
95 4
25 1
50 40
96 90
89 4
51 23
46 26
39 0
94 17
81 11
38 67
54 72
31 44
54 70
73 15
45 17
44 51
0 56
39 93
74 55
89 21
94 65
13 33
31 19
40 11
36 46
46 63
23 4
0 39
26 73
92 92
81 97
68 86
12 57
26 56
68 64
46 73
96 9
50 16
68 21
53 46
90 55
79 85
35 87
31 81
91 49
71 65
29 61
22 98
67 36
78 56
95 56
95 36
85 30
17 21
15 90
99 64
99 32
42 91
55 97
49 83
90 22
96 49
36 85
56 88
67 99
13 71
82 91
72 80
87 98
27 37
1 94
3 22
73 94
70 1
81 39
77 71
7 97
98 84
86 70
89 84
22 22
78 32
66 19
74 4
32 33
32 52
26 15
27 47
12 85
3 28
7 42
16 75
5 54
30 5
83 70
68 74
29 95
21 83
35 78
82 65
