107
11 2
1 21
95 65
3 99
5 84
67 70
18 16
97 37
91 49
35 97
38 90
58 22
8 30
65 7
19 24
8 38
54 94
73 26
79 34
80 57
6 97
61 39
96 29
0 37
14 43
69 42
57 34
72 28
13 85
35 85
63 96
79 67
61 83
54 59
78 93
13 0
20 98
39 10
47 8
25 86
80 88
83 65
23 30
65 12
20 68
61 19
53 16
21 86
48 7
57 59
35 70
39 58
46 31
47 45
75 77
75 67
29 4
92 83
61 5
26 68
42 79
94 21
34 43
58 99
0 59
45 0
6 16
47 52
54 44
93 0
98 51
43 16
67 0
34 55
99 86
16 63
27 45
42 67
30 9
1 51
16 58
24 61
18 48
34 62
19 72
24 44
45 71
9 78
98 9
92 5
80 13
85 0
22 2
77 2
80 20
88 34
51 78
68 58
70 89
52 86
36 76
43 24
73 84
37 24
34 39
37 31
53 39
