111
12 94
1 13
72 4
14 97
3 41
31 85
2 10
28 96
16 88
24 42
38 67
29 75
41 97
99 5
41 59
84 77
91 56
23 63
40 43
27 99
65 19
44 14
63 89
76 31
84 55
24 58
73 90
95 75
8 31
95 39
95 54
70 69
82 77
14 67
73 55
66 42
50 67
92 14
76 72
16 12
79 39
66 45
41 35
85 5
55 93
46 83
82 15
0 62
0 0
57 80
45 70
90 16
94 68
37 50
43 1
35 14
54 2
30 21
27 27
20 20
23 29
32 66
46 38
86 81
13 24
63 35
32 3
2 60
7 40
72 37
59 38
86 32
79 94
34 17
70 98
59 21
96 47
63 0
61 99
24 0
67 50
56 50
49 17
98 19
96 82
18 61
23 46
68 84
94 94
1 78
89 21
36 74
6 75
52 53
18 0
67 9
7 13
96 29
8 59
65 67
56 73
69 64
22 35
81 41
12 39
80 47
48 24
56 30
26 12
30 32
41 22
