107
89 94
92 33
56 7
6 6
27 69
58 46
69 97
7 50
99 4
97 67
84 73
97 92
37 94
61 74
15 95
61 55
68 68
41 70
3 21
96 59
44 68
24 86
65 93
76 35
92 7
23 39
49 30
68 52
19 41
4 93
28 6
62 5
1 36
34 21
34 23
56 84
46 94
94 67
97 49
0 68
32 27
42 35
86 15
76 12
78 86
73 89
38 85
41 50
32 77
82 56
82 47
32 35
32 86
65 37
99 11
83 7
78 3
22 95
39 99
95 60
9 83
3 42
3 98
41 12
30 54
47 36
70 6
42 25
34 48
58 88
82 91
67 86
78 27
51 91
29 96
68 51
87 86
85 1
70 71
55 72
38 18
35 33
93 38
79 41
11 78
17 23
4 54
2 70
18 64
35 60
60 99
12 20
92 24
13 27
42 3
79 17
77 72
67 23
51 14
57 22
60 30
53 53
30 13
20 47
41 61
74 63
28 42
