113
3 76
40 28
1 12
2 97
94 60
74 61
90 0
4 19
6 72
20 74
97 7
61 20
47 45
86 48
67 33
59 36
23 77
33 83
33 23
24 86
95 67
20 1
71 26
61 1
72 12
81 20
12 10
78 13
54 84
48 69
53 36
15 5
18 26
93 77
94 68
80 32
32 32
17 31
48 54
22 4
56 89
56 15
96 91
97 77
20 44
26 57
85 74
27 57
82 74
82 5
54 26
38 87
99 50
98 99
21 32
21 42
9 30
0 19
80 11
92 87
98 36
2 89
39 0
29 69
92 14
58 85
76 85
63 75
42 44
64 8
83 39
54 18
71 78
27 51
17 82
26 14
65 72
81 97
39 97
92 44
99 27
11 92
31 97
72 93
36 6
50 3
84 58
44 74
76 0
97 17
25 18
43 71
68 60
62 53
13 47
9 24
91 21
91 30
6 39
7 61
4 46
13 66
73 40
70 54
36 38
64 40
41 59
69 87
10 45
33 44
35 63
21 67
14 57
