108
5 73
43 7
96 22
71 94
89 75
88 64
96 23
69 3
64 4
75 29
93 0
78 48
2 96
56 96
54 97
32 38
49 51
16 70
30 66
17 38
77 64
38 48
15 62
16 24
33 91
38 33
63 55
80 34
6 1
20 3
4 4
72 90
34 41
8 84
27 5
21 20
7 17
88 46
95 81
15 20
33 97
75 79
35 76
33 73
85 55
90 41
76 19
73 3
91 37
6 48
20 46
1 32
99 95
33 32
68 80
0 0
71 60
53 36
79 72
54 42
54 76
62 18
98 99
44 40
38 67
63 82
0 15
20 52
3 25
27 24
53 70
7 8
35 0
18 98
98 29
82 20
65 29
99 56
17 29
73 44
81 99
1 63
65 76
31 83
85 0
16 99
96 14
7 88
47 95
65 10
38 15
54 19
22 83
34 7
39 55
64 93
24 86
8 41
42 26
60 26
59 40
63 60
23 95
58 70
58 54
52 64
13 9
10 32
