105
95 8
4 48
18 98
28 87
4 2
13 45
42 81
91 93
85 10
33 3
30 48
26 61
45 98
15 8
34 36
13 90
51 32
16 10
74 54
49 27
9 85
61 8
51 95
64 4
49 48
6 53
87 31
77 41
43 14
14 74
5 9
66 25
36 42
95 94
65 64
45 20
9 79
83 19
20 67
34 26
60 68
65 82
91 25
14 24
75 7
1 11
13 99
41 67
64 75
75 87
85 56
64 41
43 88
48 37
54 73
54 8
89 69
24 78
77 26
68 15
63 19
55 23
16 82
99 74
38 12
58 54
20 38
59 99
57 76
23 52
57 85
18 0
37 97
81 72
53 13
71 43
60 90
99 67
3 29
32 6
7 70
99 32
41 0
99 23
95 47
91 45
43 62
63 44
4 95
77 98
19 60
37 71
45 45
85 93
81 83
66 96
79 68
73 29
10 15
21 24
70 13
24 14
29 17
65 49
76 80
