111
4 7
44 3
5 37
29 7
15 14
24 73
71 2
4 45
91 5
94 19
65 65
59 78
39 1
62 6
12 1
20 14
20 34
70 33
35 92
90 55
39 81
79 5
77 9
2 94
77 66
23 77
47 25
15 89
70 18
96 59
58 28
49 69
89 26
29 87
56 77
41 81
74 47
58 52
71 52
99 99
99 30
70 13
49 29
36 53
44 77
45 65
52 52
4 80
73 89
19 48
32 54
12 45
30 33
40 71
4 56
74 76
3 99
34 58
91 31
75 24
63 22
17 91
39 24
64 37
98 0
40 99
12 86
26 98
96 96
85 26
25 26
92 48
51 55
83 99
59 88
1 77
19 56
88 99
33 47
0 62
87 84
68 99
54 96
13 19
11 36
49 95
34 39
49 39
11 79
22 68
48 17
3 71
99 67
73 84
31 13
88 40
17 63
45 11
62 14
80 40
43 39
57 57
96 81
85 69
94 82
88 18
96 73
91 87
85 49
84 93
25 61
