113
98 2
1 24
11 4
72 59
8 96
3 57
83 12
13 32
41 87
45 65
81 6
8 79
11 93
36 2
4 42
87 63
1 78
1 15
13 13
15 11
22 29
50 9
23 52
83 91
26 6
66 20
27 40
60 47
92 92
99 83
63 81
51 74
45 62
33 40
60 66
38 50
87 11
90 71
78 45
58 13
88 16
11 88
0 88
92 77
72 8
31 76
33 56
31 70
86 91
27 97
54 78
87 72
48 89
75 51
10 99
1 0
54 82
24 10
15 33
28 76
31 24
62 18
9 77
96 51
84 27
42 28
28 86
95 77
32 2
92 34
38 16
60 99
44 30
25 85
71 30
6 59
77 13
67 67
69 88
49 25
56 35
21 26
98 21
98 37
79 98
96 29
64 72
42 11
59 0
94 19
5 73
35 96
20 66
73 37
72 85
24 22
73 74
89 48
14 47
16 51
17 48
65 52
47 58
52 45
94 37
78 35
50 42
36 31
51 17
40 7
61 27
92 85
38 78
