104
11 11
6 14
30 10
22 79
36 77
10 29
54 20
23 27
91 51
43 81
51 86
13 97
22 98
0 30
14 31
19 62
66 34
71 41
85 68
44 16
55 35
10 96
64 94
44 29
12 85
38 71
8 81
71 0
66 8
13 5
13 55
48 49
67 81
20 56
23 46
40 40
45 65
30 60
93 34
99 56
42 96
64 79
62 62
51 51
20 39
33 32
10 51
65 42
97 84
92 93
22 83
40 51
77 74
71 58
76 44
4 57
53 21
7 72
98 99
73 76
16 45
89 9
4 64
99 9
83 0
75 14
86 38
96 42
79 99
64 99
51 60
77 54
55 43
3 45
92 98
92 62
38 7
99 25
52 6
63 73
37 43
61 87
80 11
0 90
83 94
87 77
27 90
37 23
58 73
7 69
83 22
78 19
86 31
71 61
51 41
85 53
30 41
36 62
49 68
67 65
42 57
8 35
71 46
56 67
