106
4 66
0 50
10 73
75 37
95 9
10 68
26 91
25 13
40 22
2 18
91 76
70 93
45 8
95 77
93 44
31 34
76 97
38 27
4 40
64 87
91 54
46 24
93 40
17 96
95 36
95 55
58 83
78 24
64 78
73 64
65 49
86 4
11 20
1 1
55 25
17 24
27 22
18 48
64 67
61 44
52 31
81 57
96 89
36 71
75 23
14 43
62 54
55 67
83 64
29 1
40 75
63 21
21 45
57 16
30 58
47 7
47 48
48 63
92 97
21 56
42 32
88 31
96 28
44 62
4 99
15 0
45 73
34 61
29 52
89 1
47 71
59 62
41 99
43 93
16 1
34 1
7 26
76 86
22 29
31 44
41 68
79 91
46 96
5 33
54 77
70 70
82 84
76 51
4 46
14 88
21 85
28 72
69 5
28 84
41 91
59 6
60 35
69 20
75 2
87 10
73 11
27 37
47 41
56 53
37 53
12 39
