111
4 7
2 47
0 33
1 17
58 35
36 94
94 75
40 36
92 18
37 14
38 58
52 64
86 94
91 36
6 49
17 40
31 59
71 45
3 59
94 13
86 17
45 58
64 88
49 5
46 46
53 53
72 93
53 1
22 12
12 74
88 12
46 92
82 7
17 68
20 40
19 97
9 0
40 16
54 69
22 18
20 24
27 27
48 87
45 16
42 25
93 46
51 82
33 80
56 99
26 29
75 79
57 90
99 33
0 99
96 83
38 99
15 23
37 64
72 72
83 56
14 38
72 39
88 0
0 66
27 19
37 4
41 78
70 20
56 18
67 0
20 32
28 53
20 2
79 99
73 86
98 94
35 32
53 71
98 39
96 29
59 39
97 4
97 55
55 15
90 61
77 68
37 72
20 47
78 46
8 95
4 88
3 74
87 85
75 18
95 61
78 23
76 37
15 66
27 45
74 54
84 64
68 71
46 31
29 13
13 90
12 20
24 83
28 86
63 74
23 78
28 78
