108
9 97
1 78
31 11
66 22
69 35
52 74
6 64
94 13
35 43
3 14
86 96
77 9
54 5
83 56
58 54
78 48
96 18
32 95
68 64
48 29
4 89
27 47
44 44
4 16
35 62
78 2
75 91
85 24
30 72
77 58
87 30
9 52
68 54
36 53
64 60
38 94
54 1
83 52
18 47
1 47
55 78
76 82
33 63
44 58
11 29
94 22
51 26
67 77
19 54
2 65
13 87
62 86
34 79
62 6
86 92
99 67
20 85
51 19
85 18
73 84
55 37
26 80
10 93
51 87
68 99
96 43
98 98
99 76
68 69
99 0
63 74
42 25
0 38
11 79
3 59
28 86
45 88
72 99
68 0
32 4
99 38
25 24
82 68
21 33
87 85
58 95
35 38
11 2
25 1
15 71
48 69
6 6
5 22
19 15
99 28
90 39
54 11
73 16
46 96
47 8
67 29
41 30
64 38
24 91
25 75
60 24
86 10
18 94
