108
18 2
16 11
4 25
33 11
17 91
47 2
77 3
91 28
63 4
7 79
22 79
4 34
0 7
62 80
92 77
21 31
70 66
60 55
99 65
70 25
35 37
36 51
72 15
6 47
44 27
76 17
43 99
16 26
66 84
81 13
34 79
31 29
62 32
35 27
61 76
90 82
76 91
71 57
16 73
47 85
48 52
53 77
38 77
88 76
79 38
66 32
23 45
56 39
31 59
86 0
35 8
19 37
0 36
13 42
11 45
78 81
35 71
49 67
57 92
44 98
93 55
99 0
56 84
10 52
67 74
82 74
63 26
0 62
59 47
73 25
0 74
61 0
37 68
55 26
77 45
86 6
9 4
1 83
36 22
60 99
29 84
64 62
90 90
79 99
90 97
44 83
37 42
95 14
98 21
72 98
94 35
47 8
82 43
4 60
19 59
93 62
79 64
90 47
46 18
21 56
90 15
67 47
45 38
50 61
49 42
36 91
46 70
38 62
