110
97 85
91 85
38 9
47 7
73 94
94 43
83 33
8 44
53 74
24 11
64 16
49 21
10 1
77 75
22 69
58 16
34 33
49 79
93 3
92 68
86 68
14 33
11 37
61 91
13 55
4 91
3 82
15 10
47 32
54 64
38 27
58 58
39 65
67 41
94 0
50 97
69 94
3 0
43 86
28 75
58 46
21 23
27 51
24 99
14 63
31 22
37 58
41 2
27 32
92 15
39 39
90 58
10 25
79 29
6 16
63 76
57 99
25 84
45 78
30 54
29 13
24 93
38 88
51 49
0 14
53 58
0 41
98 46
99 62
19 78
98 55
10 99
79 99
35 80
7 7
28 37
61 61
86 0
38 91
4 52
56 0
99 32
58 85
98 97
1 73
69 2
87 24
94 80
7 70
77 67
63 21
65 52
33 99
24 46
99 9
79 4
85 16
83 14
77 40
71 22
70 62
61 35
54 32
54 35
14 95
17 84
32 84
23 61
29 67
31 47
