112
79 94
97 95
90 7
93 15
67 73
96 0
27 96
93 74
91 57
3 50
44 66
57 56
5 13
87 24
41 92
75 76
77 35
1 32
9 45
11 11
2 59
70 14
65 82
91 25
94 17
8 3
67 28
46 89
39 68
71 82
5 53
51 38
0 67
82 80
52 42
81 0
59 60
93 38
19 77
21 29
23 53
14 42
37 35
76 93
95 48
17 59
26 41
23 51
27 6
23 20
51 45
75 34
12 50
30 67
43 78
60 51
15 13
16 64
92 66
7 62
7 81
0 83
14 84
87 60
75 0
5 28
63 99
98 89
30 7
98 71
55 7
56 12
13 90
40 0
21 27
86 53
48 13
1 81
19 96
6 30
66 45
76 5
35 99
91 31
45 21
12 98
55 99
57 75
14 74
23 72
8 20
6 67
17 1
69 21
69 5
52 2
34 5
80 67
41 85
38 25
32 40
42 59
65 95
27 86
32 88
62 90
76 27
30 22
37 45
37 53
37 16
23 62
