110
87 97
39 82
35 98
87 57
96 80
78 95
48 87
13 4
30 5
24 81
73 24
91 43
17 0
53 92
65 84
73 31
1 94
68 96
95 39
37 61
75 63
65 64
84 17
20 84
38 35
71 51
58 36
36 33
75 46
51 31
6 87
58 94
56 44
24 40
67 87
22 63
68 79
96 10
51 63
24 24
78 37
79 45
52 37
55 22
70 15
70 67
83 8
88 16
0 75
99 30
10 63
20 66
23 49
69 50
61 50
93 34
36 5
16 39
22 42
38 59
98 87
46 47
68 0
7 42
4 68
0 25
78 0
69 37
18 12
8 92
5 98
25 95
1 40
12 54
59 29
18 3
10 26
22 53
20 73
89 53
2 0
45 3
98 96
85 1
63 8
18 19
14 34
47 22
2 14
15 98
6 78
91 74
81 84
89 66
49 93
42 18
43 73
13 57
32 14
23 27
80 28
46 57
70 45
3 59
76 75
60 74
9 18
5 32
3 48
28 30
