112
2 8
69 0
82 98
82 40
67 32
64 97
26 44
18 97
38 28
52 94
69 52
7 4
24 34
91 62
49 34
83 6
15 69
52 85
48 48
50 87
36 0
68 93
26 72
30 42
47 70
35 89
51 99
12 22
82 23
51 18
58 3
41 34
48 40
51 40
0 0
73 67
74 62
91 21
61 17
29 31
82 87
87 42
98 56
69 73
78 70
74 9
72 27
37 63
29 76
38 10
76 49
89 58
21 80
39 89
33 58
81 86
5 97
33 20
99 2
0 81
60 64
29 10
75 59
99 68
99 74
52 0
47 14
21 93
98 97
93 0
4 71
56 42
76 19
84 31
99 21
27 19
0 63
7 43
16 54
95 67
0 18
33 49
1 94
14 60
56 21
21 5
27 1
16 83
95 48
43 74
92 13
90 72
84 83
94 93
11 9
6 78
44 0
48 14
45 63
59 72
81 65
99 14
92 87
92 28
66 7
69 83
75 43
63 35
95 5
82 12
63 86
61 13
