107
94 76
9 99
4 58
1 46
19 11
23 97
34 97
76 76
38 86
84 63
20 53
22 8
17 80
7 42
53 69
67 67
13 99
27 25
21 59
38 56
59 58
7 29
68 81
55 88
31 70
46 71
68 37
66 36
41 34
37 53
74 6
61 3
18 64
67 59
78 49
12 81
92 17
5 63
31 48
47 44
0 86
13 64
46 78
75 13
33 74
42 77
71 82
21 34
51 50
68 7
72 59
78 16
28 65
24 50
63 87
66 53
75 0
96 54
83 97
79 51
25 12
13 18
3 93
22 0
90 97
1 1
88 32
75 42
72 97
42 3
54 99
16 36
38 45
15 28
54 11
63 12
80 66
28 28
3 8
90 68
98 85
99 42
98 13
2 77
84 81
1 35
53 1
36 16
51 96
93 50
43 17
53 26
55 30
65 43
69 13
31 81
98 33
58 98
60 82
64 22
84 18
96 37
83 28
75 32
25 74
91 23
10 75
