164
37 98
96 61
93 56
0 2
90 30
48 87
75 49
33 99
47 98
83 84
0 18
99 28
27 35
17 47
74 70
0 93
99 0
34 77
9 50
37 77
91 56
82 65
25 27
30 26
55 33
49 33
54 84
72 4
90 72
0 75
0 37
83 0
67 0
99 98
24 99
56 99
29 35
56 7
24 41
79 47
0 16
0 86
1 72
0 58
0 39
5 0
51 0
91 0
80 99
31 51
0 4
14 0
0 25
42 0
72 99
88 99
89 84
6 16
21 0
29 0
15 23
90 41
63 61
31 40
98 14
98 84
99 77
98 42
90 65
98 5
98 93
6 93
90 14
99 35
97 19
82 14
98 49
23 93
39 93
66 5
6 58
66 93
6 86
15 5
90 89
5 77
21 84
6 61
15 86
14 79
72 11
5 35
83 28
6 40
71 19
88 18
89 33
15 65
82 33
55 93
72 94
74 79
49 5
65 19
67 77
74 33
82 58
82 42
29 56
66 58
73 44
6 19
7 5
82 93
8 31
15 16
74 86
22 79
29 84
14 33
22 21
22 5
29 7
30 21
66 14
67 84
38 14
23 68
14 56
21 63
67 28
51 21
65 44
35 14
40 10
56 18
65 72
59 77
38 72
66 33
57 47
48 80
49 65
34 70
46 47
54 63
40 62
41 47
26 58
22 49
38 44
29 63
48 67
58 70
45 28
46 14
65 47
56 59
46 44
58 44
58 26
24 11
38 19
39 33
