114
7 6
89 10
59 97
49 19
3 33
93 29
14 5
76 96
67 2
47 94
59 51
70 0
17 31
69 65
92 84
22 23
59 12
90 24
32 39
44 47
82 54
24 84
31 65
41 75
46 78
37 61
17 62
69 68
71 99
61 8
63 87
62 29
26 37
12 38
94 88
63 79
76 73
69 73
49 74
45 71
96 77
83 70
6 47
89 47
18 94
80 22
73 48
58 93
10 46
68 80
38 5
8 18
79 94
30 97
84 5
17 40
43 60
84 68
31 80
70 36
32 69
77 55
63 53
0 75
99 60
72 31
0 67
34 0
85 61
48 56
88 98
34 7
10 77
92 44
99 63
77 40
64 34
30 0
99 20
90 33
46 63
19 9
0 51
54 11
99 98
7 99
86 84
39 98
25 99
0 21
97 11
34 32
36 47
24 17
73 18
30 23
47 25
38 84
11 85
7 23
97 53
57 92
25 52
55 37
52 42
23 1
87 82
1 39
24 76
8 69
19 54
9 55
53 34
66 25
