106
97 63
97 86
22 95
2 59
39 98
84 74
31 4
32 22
55 76
35 61
52 32
84 93
1 26
40 90
57 92
83 34
66 20
64 21
35 55
92 98
33 97
27 81
98 47
74 71
35 88
22 38
72 63
10 20
96 44
43 10
33 65
56 30
67 58
22 4
88 18
74 26
90 43
60 49
55 40
93 30
11 27
55 48
27 20
83 64
69 40
65 56
49 46
8 62
9 68
17 67
21 42
87 44
5 53
11 48
67 29
94 23
72 43
21 9
44 60
98 39
69 78
16 48
16 19
0 18
90 91
41 0
99 96
11 71
25 73
25 91
2 0
89 0
23 80
68 0
19 56
26 56
61 0
1 88
28 58
1 80
16 41
36 8
85 54
36 39
11 76
60 67
79 91
4 4
7 94
96 72
64 98
65 93
43 75
96 7
97 15
35 32
57 69
52 5
64 14
7 8
6 87
7 36
53 12
46 25
76 41
58 65
