112
94 91
63 4
4 95
95 69
79 80
43 17
88 91
69 91
11 3
4 11
97 26
89 68
77 89
68 66
0 84
42 5
1 94
13 18
69 76
84 12
85 78
19 47
10 72
27 12
13 46
42 61
64 31
47 79
28 24
47 33
77 19
10 60
1 79
25 23
31 36
41 32
1 64
53 76
68 16
81 97
26 83
83 42
57 49
24 88
23 80
13 75
18 38
17 96
61 88
83 3
20 90
1 58
32 99
28 77
57 52
92 41
95 40
43 50
29 7
61 81
90 0
39 54
38 38
56 99
51 98
18 9
78 36
99 46
37 76
66 60
97 89
5 54
37 2
91 52
89 10
15 66
3 28
60 24
27 49
91 4
63 73
40 85
38 92
4 44
54 95
52 62
16 85
60 39
43 47
25 0
99 61
79 27
18 1
95 19
93 23
85 56
6 34
17 25
84 65
81 65
18 61
35 62
26 66
33 61
74 46
6 91
69 38
80 51
87 36
65 52
53 40
33 44
