107
0 91
4 67
92 7
27 94
85 37
47 32
38 55
52 49
97 9
30 40
94 0
17 93
61 17
31 7
45 29
98 80
99 89
29 2
79 90
61 92
85 38
60 65
52 63
40 46
25 65
75 66
29 31
33 62
22 3
85 90
48 11
4 97
19 15
40 85
39 68
12 12
6 21
0 47
35 75
67 41
41 11
45 90
40 19
60 72
62 87
64 41
16 85
93 16
14 45
33 64
59 32
62 96
13 41
17 30
32 21
42 99
78 4
99 98
84 54
63 46
27 83
61 23
99 66
74 47
99 73
8 77
19 65
24 35
52 56
98 23
80 23
54 1
92 73
15 51
54 18
81 99
2 10
79 18
68 8
97 46
33 17
67 33
4 39
69 80
31 90
79 52
8 87
84 84
75 73
13 21
78 85
18 71
12 62
54 79
56 95
62 81
49 74
79 63
94 59
20 24
90 62
72 57
71 40
88 46
32 82
35 26
23 76
