107
44 3
3 97
98 47
65 2
99 15
79 97
95 82
56 18
96 77
25 95
63 91
3 19
95 33
41 86
8 26
38 10
86 34
34 82
2 63
86 23
17 80
11 72
41 90
18 53
48 36
83 25
16 33
38 41
60 16
56 74
47 68
53 67
42 58
90 12
8 81
76 64
89 72
70 26
71 48
90 82
13 26
46 22
99 3
1 53
60 28
13 52
27 54
74 58
78 80
30 14
64 79
73 6
99 99
1 2
47 45
78 69
76 54
85 81
53 46
76 17
61 38
62 56
76 22
11 99
36 0
90 18
8 45
77 0
0 69
38 44
23 36
64 34
19 71
30 73
14 66
89 0
69 83
27 85
86 61
39 96
44 54
62 61
56 90
64 75
15 6
10 95
67 56
19 11
69 41
85 95
58 6
33 24
31 28
83 45
32 40
65 42
74 92
71 15
76 44
33 62
34 46
58 56
32 95
20 25
72 74
17 41
24 45
