110
1 4
68 3
33 5
11 94
95 23
63 7
13 47
71 6
35 90
2 96
12 86
89 27
21 20
43 0
10 4
70 71
22 42
70 20
30 38
54 78
3 46
92 83
68 87
58 63
50 54
42 66
1 25
62 90
86 35
73 23
31 54
0 22
68 77
79 42
89 93
60 39
74 53
67 66
75 25
96 84
33 54
35 1
35 98
71 81
80 61
83 51
86 79
19 81
65 37
11 19
85 9
29 66
79 53
39 7
24 77
53 17
46 11
77 81
82 82
18 67
41 49
12 31
54 86
73 89
82 60
37 65
6 87
37 87
79 95
54 56
99 99
90 88
99 15
0 39
43 77
0 72
97 64
85 37
1 66
27 86
55 22
92 1
17 71
66 24
25 11
20 25
95 47
84 99
10 55
39 18
43 69
5 73
70 9
4 36
22 34
37 32
25 56
44 35
67 52
89 64
11 63
51 31
54 40
92 61
33 73
75 35
57 26
51 70
83 72
65 76
