111
3 21
7 6
2 78
7 10
17 72
18 27
57 97
15 68
35 87
60 37
80 10
42 38
35 55
99 15
86 97
87 82
14 28
90 33
44 2
75 64
86 51
21 3
97 44
85 66
51 22
61 63
83 92
80 16
92 71
40 22
42 30
20 98
17 88
61 95
51 97
92 19
0 68
72 98
82 40
1 54
34 97
18 98
32 76
41 18
31 18
77 30
49 53
93 60
55 91
79 48
93 29
64 62
54 65
41 11
72 31
62 53
6 61
1 44
40 93
78 66
70 48
28 0
99 99
88 90
98 0
83 0
43 10
57 69
7 72
10 53
99 64
7 99
1 98
78 84
70 16
47 97
4 81
65 20
43 49
8 24
48 75
46 78
50 23
42 2
28 5
57 41
99 79
28 37
27 42
2 38
26 84
69 81
96 50
19 54
53 39
45 61
96 93
21 13
25 14
66 8
8 41
60 11
15 45
39 60
86 25
74 76
52 7
72 24
76 39
71 74
72 54
