107
4 87
96 55
8 98
54 8
78 97
28 97
91 40
77 34
94 71
69 20
1 54
79 60
97 74
82 20
86 30
20 28
17 67
43 26
81 58
86 45
86 23
15 27
12 63
34 64
42 95
12 43
26 48
99 38
68 73
40 65
85 12
12 32
48 95
34 94
98 7
96 60
69 85
86 78
49 71
30 90
7 63
35 34
38 27
4 21
88 80
45 73
58 91
71 39
59 71
66 43
64 67
83 66
73 56
44 54
49 81
56 83
38 75
62 37
70 49
97 34
99 13
48 78
58 89
93 88
88 99
76 80
62 72
41 1
45 89
83 91
59 48
63 12
15 48
24 83
84 6
68 3
31 76
42 37
98 84
18 53
65 53
99 95
16 0
31 0
6 78
40 11
48 50
9 9
24 14
15 12
59 17
26 38
20 88
31 19
29 56
67 78
76 88
12 73
26 67
49 30
45 44
64 34
75 21
57 36
27 81
33 80
61 80
