98
99 52
87 18
27 7
32 9
84 36
1 70
79 20
73 78
84 81
91 46
12 16
24 3
0 0
36 20
20 58
81 26
82 62
23 43
42 88
43 15
76 24
31 27
78 61
54 27
38 60
74 15
40 57
15 21
19 40
19 25
4 72
7 29
45 15
26 79
55 70
63 38
58 56
18 63
34 30
72 60
31 57
81 76
39 46
22 68
75 70
60 71
67 44
78 30
30 35
45 62
35 51
64 15
70 26
60 63
67 55
26 75
63 34
21 31
62 24
4 98
29 38
18 80
64 41
30 69
39 23
67 65
53 63
34 63
36 74
72 72
18 75
81 57
57 77
4 53
62 29
19 52
25 95
63 1
46 96
49 2
26 21
73 91
91 73
57 32
45 40
57 49
10 36
53 56
24 89
12 80
38 84
84 42
69 84
15 66
59 80
70 41
51 75
45 33
