111
90 7
97 14
63 2
79 9
95 30
43 78
40 7
1 34
1 16
39 79
31 91
60 8
14 86
2 44
47 6
19 42
85 95
34 95
85 40
48 94
27 79
6 56
89 55
16 29
30 34
3 66
17 42
28 46
18 81
27 70
44 58
80 24
0 84
85 69
82 58
79 56
55 90
63 78
43 28
14 92
82 14
31 5
76 17
89 98
82 88
70 86
88 47
13 51
53 83
57 47
46 57
93 56
24 68
79 25
37 59
82 68
64 86
59 26
76 72
12 74
5 42
5 80
8 97
73 79
46 36
8 58
99 80
99 58
2 98
27 99
15 1
62 48
39 32
67 93
64 31
48 31
61 21
58 16
36 81
99 21
99 43
7 17
23 1
95 79
22 16
74 56
6 24
70 98
62 98
22 22
82 39
23 65
22 62
7 65
67 34
76 64
68 77
65 62
56 69
87 88
32 12
36 21
68 43
64 40
48 50
49 69
60 59
51 21
88 80
38 18
56 18
