112
91 87
79 95
96 31
92 47
32 60
94 8
45 96
5 26
48 8
13 88
97 42
55 46
67 1
12 73
65 44
36 80
86 44
43 21
58 22
66 10
74 61
67 98
59 86
73 84
6 9
22 29
18 57
64 61
20 89
31 68
45 19
45 76
67 54
1 18
24 44
52 6
17 69
17 66
84 12
77 25
71 72
53 83
82 30
61 85
46 59
74 5
78 79
54 70
49 93
38 33
29 22
1 2
15 0
1 31
0 61
0 99
59 99
7 22
61 53
19 14
31 23
38 69
23 78
40 9
65 8
17 12
88 48
31 13
29 3
26 98
70 19
5 74
37 84
35 16
73 64
56 64
1 95
81 16
26 58
49 48
99 75
99 69
11 52
98 23
85 73
11 43
12 28
70 38
61 30
55 34
9 14
7 99
2 85
23 98
35 87
15 5
94 22
80 14
95 59
83 49
24 37
36 36
38 41
35 55
11 59
59 71
85 88
88 80
5 66
67 81
86 21
22 22
