112
45 2
55 64
51 90
70 3
16 96
38 70
5 87
81 94
42 49
32 39
51 96
44 73
5 76
80 85
9 5
92 85
90 30
37 9
18 93
24 45
39 67
82 6
81 81
15 5
16 75
64 26
70 44
55 37
3 49
0 75
71 81
65 99
49 19
19 31
77 66
12 47
59 23
47 28
58 18
94 76
74 28
86 0
95 38
97 75
89 24
83 71
31 23
71 32
60 46
6 79
20 75
85 54
1 13
41 98
27 51
40 16
83 15
51 14
99 98
75 58
97 16
87 90
91 67
67 98
26 88
11 0
31 99
11 61
78 20
74 27
98 9
83 12
28 8
20 47
16 32
1 59
73 9
5 22
56 42
66 47
2 1
99 23
74 1
88 57
40 23
32 85
96 0
44 7
99 30
69 73
1 35
9 62
86 39
84 43
40 31
1 28
4 42
15 66
59 8
69 67
61 61
53 59
6 19
20 14
20 22
26 17
41 33
47 63
47 46
88 5
12 87
64 17
