108
96 12
0 53
58 89
38 24
0 12
1 19
11 2
58 56
13 88
20 26
46 84
34 61
3 23
79 9
70 54
0 66
0 40
97 67
89 80
10 28
65 5
2 73
78 91
6 72
49 91
45 50
8 29
73 38
46 47
20 27
14 41
47 5
81 92
32 59
93 79
84 60
53 16
43 59
55 34
47 49
43 70
16 95
27 85
30 64
92 6
92 34
22 41
1 94
16 76
0 56
99 41
36 92
38 10
54 6
58 96
63 72
63 32
73 43
23 93
95 15
67 33
55 30
58 7
57 15
58 64
36 99
42 64
69 45
0 86
83 0
16 42
19 3
41 1
83 42
89 85
48 77
45 41
48 20
17 6
75 3
17 46
34 29
92 99
74 99
80 86
31 95
97 94
78 71
42 32
33 2
83 23
80 64
85 55
13 80
23 12
74 17
32 76
41 78
14 10
15 12
85 31
77 24
68 19
62 47
45 10
59 21
53 36
38 47
