108
6 37
50 47
16 96
29 4
6 14
96 51
28 28
66 57
84 1
52 61
9 0
44 23
47 26
92 70
92 60
35 66
35 34
42 32
76 2
4 0
99 0
84 4
8 70
5 65
64 84
41 83
72 43
36 42
87 91
86 8
71 10
10 87
69 94
43 49
33 98
12 48
31 49
13 37
48 6
21 49
45 86
97 36
74 20
87 48
87 39
72 34
73 19
22 38
98 60
20 90
89 17
65 15
8 65
89 74
39 76
20 82
1 57
99 84
77 38
29 91
78 71
74 74
44 4
1 91
39 28
81 57
62 62
89 22
73 85
22 48
43 68
0 71
85 31
22 9
55 95
37 90
72 52
99 39
94 98
1 45
57 70
63 36
97 92
12 15
26 20
18 4
82 88
36 1
61 4
52 21
68 25
37 9
56 12
21 59
24 75
37 65
78 90
94 31
76 67
61 74
44 42
13 79
15 64
19 61
29 79
82 45
80 81
80 9
