108
64 91
90 5
84 5
68 25
0 6
78 39
76 76
64 46
48 96
89 51
48 32
11 5
72 34
60 22
34 51
76 17
5 74
41 90
38 42
63 8
0 11
30 9
43 15
54 36
55 50
99 71
12 70
33 29
49 85
22 18
29 31
18 42
15 19
89 76
39 6
96 18
14 61
16 85
81 71
30 81
71 44
89 1
24 25
34 35
60 14
51 26
51 36
7 64
37 66
52 77
3 20
72 54
65 0
19 78
57 62
21 28
50 1
78 52
34 84
42 98
99 47
1 71
6 27
40 32
10 41
92 56
35 77
9 0
98 32
15 38
57 72
98 7
29 3
99 99
99 86
21 99
80 90
0 59
31 89
4 92
90 97
17 98
31 57
97 26
62 79
98 57
24 73
83 12
89 28
46 3
94 43
45 60
29 58
20 70
53 18
6 8
7 33
5 48
68 14
3 56
36 16
79 62
74 66
88 62
14 47
43 68
53 67
40 22
