112
40 99
56 96
5 0
1 14
80 97
69 88
82 75
87 81
73 48
40 12
70 55
9 9
56 0
88 50
2 18
16 11
99 0
13 90
72 13
55 4
42 8
68 20
68 24
65 32
51 23
17 93
83 61
34 43
24 99
89 18
85 98
50 88
45 21
68 63
59 43
29 29
49 41
48 80
15 53
58 34
3 78
27 26
92 67
99 37
63 97
16 77
10 75
66 66
28 43
33 57
2 62
15 73
94 34
49 76
23 48
59 55
63 39
41 71
22 83
16 62
41 99
50 10
15 68
7 56
6 44
85 47
0 58
42 65
37 74
45 61
74 30
40 0
36 57
42 56
2 84
0 35
99 97
84 67
46 51
27 76
79 81
41 23
73 0
0 69
99 15
99 30
95 65
86 8
83 23
89 40
32 1
6 28
20 18
20 27
63 80
80 37
44 29
11 30
20 42
35 90
64 13
59 19
24 41
55 74
71 73
42 46
32 66
27 91
31 95
31 85
21 59
52 70
