111
0 4
90 93
3 18
39 91
98 49
5 14
51 2
30 2
10 75
60 67
79 76
48 79
16 4
66 25
71 85
32 32
64 79
73 98
20 86
76 84
38 4
10 49
80 57
90 73
32 28
29 80
66 37
59 45
49 61
50 14
63 21
61 70
92 44
68 53
47 2
37 40
18 83
18 71
40 30
25 16
29 46
43 43
46 34
33 68
40 54
54 36
69 63
99 31
49 18
0 95
42 46
34 58
25 75
89 29
52 32
89 95
59 83
48 59
87 66
78 64
15 95
12 61
26 66
30 37
20 48
99 17
96 99
31 52
60 36
15 52
50 56
9 70
58 53
34 87
26 99
46 89
59 99
53 43
1 81
53 99
98 83
45 22
57 14
63 0
93 8
96 14
75 4
1 57
47 73
27 60
99 36
32 75
22 8
78 9
1 66
14 25
79 19
16 25
62 87
13 41
83 42
72 33
84 47
8 6
8 21
89 19
72 11
86 37
35 21
22 38
25 55
