99
3 3
45 93
1 88
40 93
10 93
1 78
20 93
1 27
25 93
1 68
30 93
1 37
35 93
45 83
1 58
1 47
45 12
45 22
45 73
45 32
45 63
45 42
45 53
3 97
5 88
15 93
47 3
5 78
5 27
5 68
5 37
5 58
5 47
40 83
10 83
20 83
10 73
25 83
30 83
40 73
20 73
10 63
35 83
40 12
30 73
40 63
20 63
10 53
35 73
40 22
30 63
40 53
20 53
10 43
40 32
30 43
20 33
30 53
40 43
20 43
30 33
3 8
10 23
3 13
2 20
10 33
20 23
42 3
10 12
15 83
25 73
35 63
15 73
25 63
35 53
30 12
35 12
25 22
35 32
15 32
25 42
15 63
25 53
35 43
30 22
35 22
25 32
15 42
15 53
8 3
20 12
25 2
15 12
15 22
25 12
13 3
30 2
18 3
35 2
