111
99 46
71 98
84 6
7 54
51 6
13 95
3 23
61 61
70 74
83 7
48 21
22 86
60 41
89 74
86 72
75 53
40 63
35 55
65 10
0 71
97 24
81 28
57 93
71 86
40 46
88 81
74 29
85 58
54 33
63 45
83 63
49 43
80 68
75 34
51 46
84 91
39 8
25 13
78 60
82 74
80 98
17 64
27 52
8 81
49 75
44 61
21 36
29 33
43 37
86 90
70 2
88 22
86 0
42 80
25 17
92 61
72 4
20 90
24 7
66 2
0 0
28 14
11 23
68 34
31 60
37 0
16 16
29 23
2 56
98 61
6 62
43 29
74 20
58 10
56 60
60 89
33 96
31 37
94 96
97 93
4 90
3 76
24 72
48 89
55 71
0 42
43 14
86 48
59 53
5 14
18 26
27 96
29 90
83 44
31 68
43 22
4 47
17 53
92 10
82 21
13 7
27 2
1 32
15 31
7 37
19 46
82 39
65 27
80 86
33 40
38 22
