112
69 3
68 97
94 69
56 14
63 72
95 4
24 2
74 3
1 29
73 99
53 45
6 81
18 93
97 31
0 7
4 50
67 44
12 87
89 89
93 96
9 96
25 7
66 91
5 56
19 56
64 29
15 20
12 40
45 36
1 52
84 95
73 13
97 7
21 7
20 86
21 87
53 39
58 46
0 76
81 31
21 32
77 30
94 32
94 13
38 97
10 55
25 31
20 49
37 27
26 36
84 79
87 17
67 32
38 70
21 17
9 15
70 82
6 70
99 80
47 79
48 65
0 44
88 39
86 32
34 69
53 16
7 41
56 30
23 41
78 35
43 81
72 87
58 99
3 2
92 53
26 11
99 17
87 71
75 62
69 67
78 55
10 1
41 8
75 46
93 45
35 54
56 59
40 53
84 85
83 17
52 93
33 59
2 66
20 68
14 72
36 93
38 13
33 74
54 83
54 68
47 84
48 17
25 56
34 39
60 19
27 94
24 79
36 88
31 21
28 26
69 23
61 31
