111
3 35
55 97
5 65
61 2
87 32
0 17
6 13
94 7
1 81
96 51
52 26
48 96
34 95
0 50
23 11
14 95
97 3
5 76
92 73
92 70
59 24
40 73
78 8
94 70
20 25
38 19
34 27
54 22
36 46
31 7
94 65
74 18
69 32
66 32
10 37
61 12
74 20
43 90
90 51
52 78
65 57
86 4
60 52
98 47
13 1
83 85
84 71
53 9
58 72
88 90
2 52
28 74
39 59
35 50
85 57
0 90
27 76
25 15
32 11
17 98
63 87
99 28
19 83
10 84
87 40
61 69
94 99
34 21
44 0
26 53
46 70
21 54
6 66
21 73
33 64
39 98
32 26
20 43
15 53
98 13
47 60
77 99
83 13
36 82
16 29
99 85
88 65
39 13
69 82
20 62
19 39
22 1
6 30
78 71
83 29
77 44
74 61
80 48
34 35
51 36
51 41
50 55
65 40
69 17
92 13
14 91
30 85
22 92
72 11
26 69
12 74
