106
75 97
90 70
16 42
14 34
2 12
4 4
85 1
57 97
59 92
70 36
52 38
13 10
72 73
31 48
54 58
77 49
51 52
2 85
16 86
94 92
92 43
34 37
38 35
0 0
99 99
28 69
9 93
32 55
31 69
42 50
33 14
42 25
69 81
30 94
1 99
97 83
33 57
82 15
82 26
72 32
84 16
67 92
49 44
13 94
48 80
42 70
81 47
54 86
35 74
37 51
91 95
99 2
63 33
61 19
66 12
76 66
68 87
31 99
72 21
58 19
69 37
60 56
5 51
68 12
54 14
75 7
23 90
6 99
77 33
58 67
70 0
0 27
76 13
10 0
49 72
53 0
20 64
35 8
99 18
97 27
5 68
44 4
18 0
53 99
54 33
47 66
94 6
85 94
10 17
29 9
81 80
43 87
13 56
31 29
46 28
23 55
19 11
10 78
89 32
18 75
31 84
85 56
68 53
67 67
80 60
74 47
