110
58 92
5 40
93 64
2 57
50 80
87 94
83 91
96 67
14 28
32 90
53 34
82 14
91 75
27 11
14 98
97 22
61 75
73 44
68 56
48 48
98 49
76 89
69 77
88 84
36 22
39 22
5 60
91 4
63 2
45 63
7 99
1 92
97 13
67 13
73 34
7 4
32 72
92 31
38 14
0 84
40 87
56 37
61 92
13 85
28 76
5 84
20 55
33 62
78 63
83 49
32 28
23 71
12 76
78 28
36 64
76 9
92 96
99 1
82 34
40 77
99 27
62 5
82 16
79 42
0 47
73 0
32 83
58 86
6 25
79 67
90 68
99 56
15 50
0 77
99 92
21 62
16 93
69 83
89 17
27 34
29 3
45 3
99 35
12 6
67 21
51 20
32 48
28 67
91 35
34 36
24 95
21 9
12 20
19 36
52 11
19 42
16 58
55 23
55 74
64 60
59 57
62 43
48 38
3 74
83 74
22 26
67 62
18 77
23 86
14 68
