105
22 38
8 98
4 8
90 21
89 61
95 90
41 1
73 26
14 50
34 69
12 91
56 3
34 48
0 60
9 47
97 62
80 67
48 94
9 74
87 27
19 32
75 65
60 51
40 5
25 67
74 33
75 44
61 41
97 12
80 15
37 19
39 43
25 27
26 94
72 8
53 99
34 8
9 66
69 15
63 13
54 21
49 50
89 86
17 24
48 10
16 53
91 76
52 49
80 81
65 69
11 9
55 98
98 29
98 94
84 93
24 52
80 75
18 59
3 77
18 77
15 91
45 10
46 45
25 6
30 89
46 26
2 73
35 88
97 0
0 34
64 23
60 80
28 45
59 18
23 70
2 54
76 0
13 4
47 31
94 4
96 43
89 41
58 36
26 13
18 99
68 0
62 99
78 95
5 22
33 98
88 51
39 64
34 54
22 77
66 87
53 80
41 72
54 65
23 17
28 21
72 61
60 72
61 63
58 92
72 72
