115
2 56
55 9
68 32
47 73
2 85
78 67
4 96
20 99
71 5
81 52
28 92
17 63
73 71
90 54
74 39
54 74
41 67
95 94
29 1
31 89
31 80
82 36
93 77
84 82
75 91
87 75
61 65
6 12
95 70
48 81
13 18
88 64
76 5
67 6
46 21
35 46
37 50
55 84
80 17
78 1
71 89
60 19
17 18
52 26
40 14
84 15
67 76
59 39
96 95
87 82
91 30
97 45
19 1
1 42
15 37
22 9
6 35
46 29
60 61
0 25
16 23
75 53
99 23
99 63
98 38
43 0
29 3
26 17
12 33
34 59
47 35
40 44
23 43
61 30
58 46
44 98
34 54
10 62
62 90
70 99
8 1
67 43
0 73
93 3
96 85
74 57
24 38
5 90
43 97
26 74
13 85
89 49
50 56
62 9
76 98
8 76
7 70
85 24
31 20
67 23
48 91
31 73
32 30
16 42
89 92
25 65
7 27
12 9
8 42
18 52
26 57
39 34
53 66
69 13
37 22
