101
6 33
95 3
85 95
99 57
5 97
59 97
46 4
22 35
32 98
42 96
36 71
71 1
67 3
77 72
69 71
63 77
53 67
1 95
88 81
47 82
42 10
70 22
25 77
23 72
11 48
53 88
25 94
78 77
1 1
0 78
93 6
98 75
82 20
17 20
35 46
51 53
8 79
62 90
42 22
12 76
87 47
56 23
38 27
61 5
25 55
59 61
7 61
21 56
28 11
45 96
5 6
52 25
42 25
94 44
85 26
70 55
60 45
52 21
56 31
13 62
99 17
80 47
93 55
2 15
47 7
99 35
39 56
39 82
0 29
55 53
45 0
79 98
8 42
74 25
77 39
68 39
74 53
53 35
32 25
59 54
32 95
80 61
49 39
10 65
18 13
77 79
69 17
36 53
18 90
25 15
17 90
93 22
11 11
74 16
2 58
82 32
21 48
34 63
63 37
39 37
67 67
