109
99 13
60 97
94 33
94 90
50 92
52 75
44 45
9 74
66 92
44 96
98 1
36 27
52 44
11 82
19 88
21 68
25 29
41 18
43 73
86 18
4 33
95 49
26 84
33 14
62 91
36 86
24 59
44 53
80 96
51 0
84 54
85 27
8 43
22 45
87 41
50 16
63 64
81 64
67 72
98 4
12 40
18 31
47 83
78 57
56 29
9 63
71 76
9 96
81 99
96 93
98 35
47 11
40 77
51 52
65 26
81 44
0 57
0 8
67 16
82 71
7 0
14 0
60 15
74 37
2 40
69 56
77 0
24 54
61 0
99 65
26 37
75 49
97 42
67 10
97 79
59 7
79 23
47 68
33 98
97 60
93 98
0 20
11 30
15 94
1 88
83 1
20 7
91 78
80 88
31 65
62 24
18 23
15 14
2 50
19 53
65 81
41 30
55 54
67 46
9 16
79 4
17 79
54 37
81 12
12 21
50 26
63 40
76 27
74 16
