111
1 3
3 77
40 85
45 88
38 71
72 90
6 5
94 13
49 1
4 93
18 94
62 10
95 8
21 56
33 64
75 59
48 61
6 79
89 66
8 45
22 48
63 24
54 65
46 43
89 2
6 69
75 69
2 99
6 29
32 4
11 37
44 59
58 62
29 76
34 37
46 28
19 66
92 51
4 45
14 34
34 13
40 46
82 15
86 25
20 31
60 27
37 36
89 28
46 2
95 50
80 51
83 1
48 26
10 15
16 28
91 13
34 56
21 0
37 7
15 21
66 13
45 51
91 35
25 90
58 79
24 16
38 22
24 23
21 4
0 31
14 61
56 87
21 80
95 99
94 63
12 22
60 17
36 22
68 79
28 43
15 0
35 0
20 75
90 42
74 99
97 85
60 98
0 16
2 61
2 25
0 11
69 9
89 86
88 82
67 0
71 27
96 92
99 22
77 32
66 48
57 42
60 47
48 36
81 40
74 54
61 73
69 63
16 7
52 7
45 11
48 17
