107
32 98
80 90
74 97
47 94
5 96
39 75
30 69
21 75
70 81
30 22
50 11
17 93
85 57
52 88
0 82
31 90
15 83
62 10
97 54
77 72
33 19
66 71
85 74
10 37
85 0
94 46
51 35
20 87
73 9
25 36
35 38
32 52
98 28
90 15
97 30
98 45
1 14
53 95
46 36
42 17
70 41
54 62
26 81
76 69
56 71
0 33
9 61
4 0
55 37
89 32
84 38
15 43
44 51
76 22
83 98
44 40
62 46
76 40
24 54
64 37
30 39
77 8
62 0
36 54
62 82
0 72
14 68
2 43
63 99
98 92
6 91
16 9
89 60
98 0
63 54
46 54
36 26
77 45
91 71
80 83
91 53
98 5
98 12
45 7
11 58
40 1
60 62
28 13
96 75
84 8
47 72
14 73
53 77
40 68
35 44
97 40
97 22
8 21
17 23
14 27
53 21
70 24
8 16
82 15
82 32
61 28
57 53
