108
7 52
21 60
95 87
97 69
94 13
49 97
56 59
90 5
1 24
71 0
36 15
34 35
93 5
1 71
36 97
28 13
79 36
36 91
28 5
37 16
40 30
5 71
17 30
25 14
72 89
47 44
98 16
67 4
56 48
1 5
30 75
36 46
90 15
78 18
30 72
69 36
63 12
73 91
64 80
57 22
64 31
22 4
0 39
71 29
64 15
20 20
99 30
41 54
39 60
40 45
56 76
74 19
28 44
83 75
76 0
99 63
99 42
6 0
36 53
59 34
4 66
0 80
71 98
43 23
1 95
1 20
87 64
19 28
64 22
48 63
43 84
78 78
46 4
34 37
54 42
29 63
80 45
71 58
4 85
9 17
56 98
93 94
8 90
22 88
87 93
86 79
79 99
23 89
58 90
91 57
84 44
91 29
54 10
77 54
67 59
20 82
61 72
43 68
28 61
49 82
22 71
96 22
81 26
44 77
27 80
25 53
52 67
75 8
