106
1 3
90 93
91 80
98 77
3 43
47 61
17 3
88 76
75 66
62 58
14 15
46 91
42 44
89 21
95 35
51 93
71 46
61 44
72 97
1 9
96 25
48 3
25 99
94 96
2 59
76 80
36 87
9 48
73 67
47 68
56 1
14 32
55 3
74 42
38 62
81 19
7 84
32 95
39 0
20 63
25 46
31 66
11 18
1 24
82 47
74 88
63 65
32 42
7 38
27 76
69 63
24 25
36 80
42 24
67 79
83 34
28 81
0 51
10 63
21 72
1 29
2 96
64 77
27 44
55 66
83 27
28 51
0 71
67 0
76 99
63 85
48 59
71 88
74 33
99 40
57 72
60 86
58 30
92 39
98 54
8 80
13 41
96 5
89 4
31 2
71 6
30 12
53 44
21 89
65 14
87 63
38 16
92 54
12 60
5 75
60 15
68 29
39 26
54 28
60 96
22 32
37 34
64 22
51 84
40 55
16 55
