109
96 67
2 93
37 30
86 93
66 98
94 72
29 70
18 48
0 12
46 14
6 2
68 30
35 56
89 83
88 82
12 72
15 33
61 29
46 35
8 96
18 85
96 43
16 80
28 19
33 29
69 13
77 30
21 33
22 67
84 58
87 55
19 56
44 37
94 32
33 87
93 40
54 26
62 48
59 66
39 9
81 11
71 22
29 74
7 76
32 6
26 85
35 81
81 45
49 44
4 12
8 27
55 76
63 64
93 8
22 24
28 20
6 85
10 11
29 5
32 49
29 62
88 68
54 60
78 3
0 76
99 4
0 46
17 25
66 18
95 14
5 49
53 85
45 43
71 0
29 99
43 98
93 64
76 54
32 0
30 67
0 88
98 85
70 95
45 99
8 25
8 58
98 18
5 43
98 95
47 78
6 63
71 81
74 75
53 5
48 20
64 38
82 41
85 25
27 10
38 51
82 21
66 79
61 81
73 61
70 57
44 62
14 17
57 12
45 57
