108
1 42
2 58
1 81
17 96
60 19
13 96
1 73
63 0
43 93
47 95
44 28
59 25
50 53
16 4
19 92
79 1
2 22
13 34
22 65
88 51
60 61
92 29
39 8
36 24
51 73
87 85
76 86
87 32
32 46
91 20
33 4
43 75
91 76
98 62
55 39
25 9
90 24
80 26
26 67
85 43
36 68
8 56
74 49
78 80
78 79
20 50
32 42
14 75
53 81
63 65
5 37
35 15
32 7
39 10
37 79
60 89
98 70
98 11
26 41
68 31
60 51
94 99
14 67
79 99
71 98
80 93
18 45
18 26
99 56
62 15
50 36
68 85
82 36
34 39
69 3
7 60
94 92
90 71
5 38
84 60
9 8
98 36
53 6
16 20
30 22
92 6
77 15
91 14
73 30
70 45
19 36
25 0
9 82
44 56
27 51
28 73
26 88
40 63
21 16
20 81
34 88
75 72
64 82
67 70
46 80
68 55
30 61
27 30
