110
1 3
44 41
2 86
16 4
18 10
49 79
47 59
96 98
2 73
67 5
39 39
23 3
45 5
50 94
46 17
39 60
0 28
3 17
37 2
1 55
65 81
63 8
13 65
48 85
36 93
18 65
2 61
32 52
23 40
28 79
19 31
30 23
76 34
48 88
45 84
33 10
32 18
83 39
59 75
80 36
28 95
66 99
76 3
74 13
27 33
91 61
78 20
43 25
28 47
51 31
55 64
4 37
33 26
16 45
72 38
98 29
25 57
24 50
68 85
34 89
32 79
81 72
57 34
70 41
47 67
94 48
80 90
67 0
62 0
79 76
33 70
68 47
12 85
30 8
64 26
93 0
97 70
89 98
98 81
69 21
88 0
42 99
7 42
6 99
69 36
87 4
91 55
82 94
71 19
4 68
94 15
58 57
0 31
4 11
65 91
77 58
51 19
69 63
58 49
86 14
84 79
16 70
18 89
87 47
17 82
22 17
88 69
13 37
58 45
26 88
