103
71 12
6 37
3 10
73 95
55 94
81 8
10 77
1 93
23 96
89 21
92 32
31 62
62 39
51 49
95 86
94 18
32 7
28 81
8 3
22 0
18 5
64 15
75 30
55 83
69 84
36 90
34 97
0 57
34 22
27 71
52 12
55 53
23 15
43 5
13 42
64 26
23 49
94 9
79 15
73 28
99 79
8 16
9 23
86 46
45 71
59 49
95 49
16 30
82 72
47 87
73 38
17 95
17 19
82 26
57 11
11 66
0 61
13 67
56 5
27 30
48 1
53 39
93 23
35 83
99 32
83 0
4 83
24 39
74 81
10 82
98 65
18 45
41 8
46 20
38 37
89 78
58 19
60 80
6 28
41 99
97 98
64 66
74 78
87 88
30 13
20 24
31 69
45 64
50 67
92 64
87 62
88 41
72 49
15 61
70 70
81 45
41 28
39 43
96 71
14 51
28 54
41 69
32 44
