118
0 30
82 12
86 93
89 79
35 2
69 94
39 0
25 5
12 39
82 65
95 79
9 43
50 36
2 57
35 91
91 60
69 25
40 40
72 42
80 97
99 67
90 95
10 9
5 12
25 92
11 44
47 55
76 99
55 9
62 32
7 80
13 24
19 10
72 19
27 32
63 69
50 20
53 68
31 39
50 95
67 71
32 55
40 52
69 5
76 17
44 26
51 74
51 23
2 80
13 71
16 93
10 28
2 87
28 27
7 48
29 46
66 79
20 96
54 97
10 92
9 73
81 55
0 0
0 72
98 74
99 27
99 37
98 52
47 99
64 48
98 0
22 12
0 15
98 32
83 3
17 22
68 16
83 72
51 8
52 60
2 96
6 0
54 29
1 24
89 11
68 33
90 40
90 20
80 80
65 87
64 55
47 12
63 6
49 0
68 40
77 70
16 60
83 43
19 57
51 83
48 60
32 66
29 85
37 73
34 81
91 53
22 60
43 79
14 14
32 18
64 26
15 87
39 85
21 51
32 17
35 22
34 32
28 19
