112
0 19
96 2
16 57
24 93
23 65
72 78
73 26
33 80
77 37
20 53
31 4
5 63
39 95
89 9
99 74
57 54
63 82
91 82
5 70
55 0
40 7
36 22
0 98
82 54
44 75
78 47
20 15
89 46
25 36
52 25
64 37
1 7
1 15
66 13
54 85
18 80
10 87
64 99
82 23
1 84
39 41
44 46
13 27
66 61
19 59
29 48
35 33
22 35
0 64
77 52
48 42
56 48
87 56
20 79
36 81
37 51
10 35
98 95
41 36
77 79
24 26
65 87
71 92
46 68
23 41
0 0
51 99
55 31
29 26
82 37
90 62
29 98
47 78
33 93
84 98
78 98
72 21
63 43
47 53
15 0
69 2
99 47
5 48
58 37
90 90
81 3
96 38
66 20
50 17
39 66
27 18
55 80
70 45
90 99
14 81
68 64
15 6
6 29
20 73
48 5
55 10
83 94
11 20
20 5
34 10
76 69
82 63
43 23
52 63
60 71
64 24
66 55
