117
34 25
74 7
45 91
57 96
7 87
96 90
5 79
21 33
39 42
45 44
1 8
98 28
1 4
79 37
40 77
70 34
97 97
77 0
95 21
71 50
81 85
59 10
61 88
55 81
19 47
94 10
2 31
65 2
60 16
94 96
97 76
86 28
25 83
14 48
20 77
75 36
53 3
63 27
94 35
72 65
47 72
38 66
31 58
29 91
8 25
82 43
86 19
39 5
69 20
61 35
59 79
77 58
41 68
2 22
31 1
69 63
5 2
0 98
74 57
30 85
13 58
7 60
41 0
99 5
0 64
11 20
31 99
17 89
53 10
36 58
62 54
97 82
60 0
0 55
31 43
0 37
74 41
80 23
39 97
98 60
26 64
37 14
20 95
18 51
84 0
16 11
28 29
64 69
87 92
85 9
44 86
25 11
95 43
52 24
46 36
56 55
48 67
14 95
71 93
4 40
91 60
2 65
21 61
83 77
93 67
22 69
14 40
84 56
34 48
13 80
74 86
15 72
86 69
79 73
67 86
65 71
58 62
