115
93 98
71 9
11 3
73 97
97 54
17 12
83 8
63 71
84 71
46 95
62 29
70 99
78 16
35 11
51 85
3 93
3 70
65 92
80 62
29 49
0 15
11 60
79 90
69 78
14 65
5 46
12 48
41 75
75 42
7 80
8 35
84 60
68 45
28 63
12 13
11 27
58 28
70 69
69 0
42 85
68 35
25 82
87 18
21 84
9 21
6 38
53 90
49 35
94 26
39 93
54 7
0 56
38 63
34 78
61 84
49 7
99 61
29 40
37 77
21 41
34 13
80 46
47 41
98 83
37 71
33 27
68 51
6 96
22 92
0 99
17 95
3 6
98 93
85 29
31 15
1 85
49 12
92 0
36 99
28 26
98 10
0 78
98 29
42 65
36 84
58 1
80 22
83 56
89 94
91 78
94 48
50 21
65 54
47 50
30 30
27 57
94 7
2 23
29 97
77 77
55 73
54 56
45 50
36 23
17 87
18 66
18 73
81 36
69 28
41 48
26 53
12 41
14 33
36 32
46 70
