109
2 9
95 9
6 61
4 89
97 78
95 24
36 43
89 18
92 26
51 88
37 87
92 88
2 21
76 9
98 40
47 41
8 82
12 79
95 47
42 63
54 97
25 8
29 8
86 87
95 57
76 28
37 22
53 61
9 86
81 20
31 23
80 97
2 43
15 50
14 33
31 16
61 78
90 46
76 92
66 21
38 57
60 50
83 96
27 42
99 0
2 26
53 48
26 80
43 7
40 52
94 70
49 0
48 14
84 66
74 47
76 80
71 19
23 70
51 19
36 13
46 23
42 38
48 78
99 13
25 2
10 8
71 67
90 56
99 64
40 79
38 99
61 4
80 60
80 66
87 74
21 77
88 41
23 62
41 0
22 27
17 99
70 83
75 1
79 76
63 49
39 73
16 13
22 46
31 95
9 68
5 47
20 55
71 47
64 71
63 86
61 9
37 66
62 35
55 5
56 73
48 33
60 25
75 61
77 52
73 32
79 38
62 70
61 39
70 56
