113
1 4
54 22
34 89
30 82
3 51
23 3
27 0
62 6
88 84
60 92
89 97
94 87
57 36
71 10
51 80
63 38
6 9
20 8
75 30
49 90
98 98
85 92
82 20
38 15
38 29
39 69
67 45
52 68
87 10
97 66
78 73
63 68
7 71
70 16
75 92
0 89
13 80
20 61
41 26
12 72
43 37
24 69
4 96
14 93
19 41
87 13
94 55
96 50
14 46
78 14
2 33
99 70
33 63
71 45
55 65
44 53
41 68
48 36
65 94
18 98
31 58
41 58
44 99
28 54
10 32
29 48
99 22
99 43
28 36
99 6
75 99
38 0
80 78
78 31
93 0
8 9
1 67
86 51
72 50
91 79
67 68
66 75
90 70
10 48
70 30
7 1
53 0
26 76
20 17
95 38
40 6
51 15
34 20
55 54
54 74
5 86
4 19
3 24
17 26
91 24
5 57
24 26
44 43
89 54
33 40
99 14
82 71
70 59
6 47
82 46
72 52
90 65
20 48
