111
89 84
79 94
3 46
74 56
33 87
85 68
79 58
98 3
7 3
99 61
1 53
17 52
2 18
74 86
73 72
67 71
46 81
95 70
25 68
31 35
75 49
11 13
10 22
61 53
26 73
16 14
63 1
1 7
0 77
58 86
59 30
62 11
73 85
15 32
40 91
48 79
97 68
0 98
67 18
26 56
32 49
67 6
27 78
38 87
47 91
75 42
29 20
57 94
96 92
40 47
29 28
71 9
24 45
96 12
16 61
76 68
15 57
99 53
42 53
69 39
84 0
5 76
20 99
43 45
43 99
16 22
15 36
84 49
33 42
69 45
99 18
98 86
98 32
67 25
56 27
4 27
59 19
24 39
90 15
86 94
12 97
26 90
20 76
39 64
29 1
35 2
63 95
93 40
33 16
21 7
44 27
43 61
57 54
19 71
4 61
64 85
57 72
92 31
58 63
70 33
79 4
81 28
57 47
74 1
82 13
93 23
76 19
47 34
45 37
51 42
21 31
