104
95 57
67 3
1 26
82 11
60 2
17 14
30 6
48 4
31 38
2 4
99 5
6 0
45 93
33 21
96 85
23 36
35 28
7 80
64 31
64 86
45 9
66 25
94 79
80 70
86 75
36 14
57 90
57 81
46 77
43 58
80 14
4 55
72 93
80 80
68 72
78 33
73 33
63 49
32 85
36 19
7 89
42 74
0 76
99 91
29 99
75 82
71 48
56 51
45 50
83 28
58 34
3 62
51 19
3 91
98 19
25 15
37 67
50 43
42 28
55 98
91 2
67 38
42 36
7 79
86 57
49 29
88 29
34 62
27 0
61 59
66 61
70 19
75 66
89 41
49 35
41 63
49 7
41 83
37 52
89 43
89 63
94 26
37 99
9 95
16 3
92 88
18 92
11 20
11 25
8 40
21 76
18 61
35 82
5 46
17 57
65 56
66 95
67 8
14 72
55 16
62 75
77 51
56 67
80 62
