105
97 8
97 99
77 62
48 73
83 3
26 95
94 26
64 10
3 25
76 93
59 5
20 68
55 93
63 74
53 74
68 73
98 57
26 75
34 67
26 16
23 77
24 63
36 35
38 50
35 36
3 15
18 18
80 97
74 83
97 37
2 87
58 32
53 31
25 69
26 31
53 20
40 69
48 66
0 52
18 8
2 38
4 62
9 48
8 71
10 96
54 19
38 60
28 11
34 95
74 15
97 76
72 46
39 46
62 54
44 6
57 60
98 24
89 24
69 6
38 3
66 60
3 69
99 66
62 46
15 99
0 98
78 0
53 10
47 45
42 18
23 25
6 54
61 99
10 6
98 41
47 15
12 24
10 40
70 99
74 38
56 25
0 76
44 99
3 4
97 91
48 91
86 49
78 79
84 16
29 90
75 30
65 40
87 92
88 41
37 78
82 46
26 47
30 53
69 90
6 39
19 32
19 47
56 46
35 11
52 55
