113
1 3
14 4
72 92
93 95
92 34
92 35
8 17
1 22
0 36
87 13
93 72
34 26
21 55
21 9
13 49
10 14
97 62
60 9
53 18
60 31
34 61
25 98
0 64
0 62
7 0
77 34
87 77
33 89
63 49
28 95
18 37
14 51
54 26
47 16
52 55
9 99
5 85
77 23
15 37
71 26
99 0
36 30
46 39
63 95
96 53
16 88
87 72
75 77
42 72
35 75
82 58
68 54
55 46
56 93
58 17
67 46
98 79
17 19
54 98
51 37
93 56
52 72
33 7
20 74
78 66
43 44
71 62
16 94
85 16
1 57
94 0
40 36
73 69
46 32
99 64
0 98
34 0
69 64
55 69
98 47
75 99
0 90
9 77
73 7
15 60
98 37
79 74
64 69
52 45
35 65
83 99
78 1
46 1
37 51
68 21
97 26
71 2
38 14
31 81
17 80
33 98
47 91
74 84
22 22
25 77
60 79
46 82
84 49
28 47
44 58
26 38
31 44
76 57
