114
54 98
44 70
0 11
93 82
90 35
90 49
30 1
48 4
93 35
59 98
77 61
58 75
0 17
74 93
17 19
26 87
41 7
45 95
57 56
66 4
75 29
10 45
61 17
45 49
83 2
23 3
11 24
65 18
49 88
40 13
50 90
61 24
69 65
67 38
65 60
61 62
99 8
85 5
96 75
14 88
21 68
60 84
53 33
94 45
63 44
48 41
0 0
10 78
79 13
55 45
2 90
88 60
92 19
14 46
37 45
70 8
43 33
49 26
80 98
87 99
96 56
14 99
21 78
7 61
36 87
99 70
96 99
0 96
0 66
79 65
35 81
95 0
40 54
39 37
75 88
15 1
8 84
0 42
74 18
50 36
94 11
14 70
88 39
34 15
25 32
29 65
13 29
62 8
1 81
77 3
4 67
14 15
88 77
8 31
64 79
78 43
23 52
9 6
14 5
29 4
83 93
74 81
16 84
1 57
68 87
21 36
6 47
39 81
52 12
19 54
30 35
28 50
72 51
44 80
