110
96 16
68 65
87 7
3 68
12 96
2 78
65 4
9 86
70 56
54 51
93 77
90 68
65 86
81 39
17 42
61 73
90 83
80 89
67 9
77 46
39 94
26 32
69 48
89 16
39 99
71 97
58 90
6 29
92 44
26 26
54 10
56 46
81 86
66 37
88 95
97 76
6 22
14 34
95 35
98 22
12 44
18 30
56 23
49 16
46 62
54 40
12 15
83 74
29 15
80 98
86 67
54 76
55 16
34 65
75 14
31 63
36 16
40 24
26 77
18 51
41 79
77 24
24 57
85 0
36 88
72 23
47 91
76 64
19 66
42 72
55 59
25 9
0 14
90 21
12 2
26 1
9 18
68 80
64 10
95 88
27 17
63 23
27 98
98 40
49 0
44 69
68 37
59 37
82 42
93 54
0 87
96 96
42 8
43 31
5 6
12 79
26 92
18 75
11 65
10 54
54 88
36 40
34 49
40 57
32 95
35 79
33 30
45 55
63 28
67 18
