109
12 95
17 99
11 80
79 22
94 60
83 24
49 96
80 68
63 20
81 57
81 6
5 59
19 27
23 13
7 40
81 53
11 87
13 16
7 26
23 53
55 74
73 87
41 12
33 48
84 60
64 22
24 45
96 15
40 26
61 42
15 48
49 30
7 42
22 30
6 31
28 56
32 70
41 57
58 46
55 91
46 77
45 57
37 5
61 74
92 41
98 41
36 63
62 38
40 47
50 51
74 26
11 57
80 0
26 98
99 73
42 23
10 17
33 19
66 30
27 79
0 25
12 68
32 94
68 0
36 56
54 41
46 13
69 71
0 53
90 0
41 99
38 84
25 74
39 71
18 0
33 0
73 99
63 99
58 92
34 30
99 0
56 27
19 62
44 62
0 6
53 37
98 22
44 19
94 98
1 84
62 8
82 39
42 93
4 11
90 91
84 85
82 14
93 45
65 60
64 56
80 95
27 6
3 45
69 82
61 78
32 41
70 54
46 38
24 67
