116
4 26
85 2
53 61
3 4
2 6
86 95
71 60
3 31
11 19
94 17
86 56
6 58
80 29
90 51
78 59
18 5
21 98
70 36
57 97
60 73
52 57
5 76
4 68
83 39
50 76
9 9
81 66
67 72
27 26
39 65
97 83
56 8
75 28
20 31
24 98
21 86
72 77
6 17
69 93
24 3
31 24
12 54
29 87
15 64
47 37
46 48
77 82
77 71
34 38
47 26
84 67
46 7
14 14
66 87
83 90
69 89
29 84
18 81
39 86
39 49
11 63
20 47
25 54
99 91
59 91
37 39
99 76
52 35
10 0
37 99
72 98
89 42
59 1
81 76
79 20
6 51
17 37
6 89
26 77
25 83
76 6
28 69
52 93
66 3
94 36
40 4
97 42
46 99
45 84
60 17
77 43
62 45
32 46
7 73
44 79
32 9
61 25
37 18
52 20
95 94
8 23
33 14
61 34
47 62
55 43
42 33
21 69
93 77
26 40
35 66
30 54
85 84
24 68
56 83
39 80
83 80
