113
10 97
37 96
4 82
99 43
18 48
3 68
64 1
22 44
99 72
12 1
12 80
87 81
6 67
88 60
31 41
2 51
30 76
71 68
40 62
94 44
59 18
53 96
73 99
80 86
28 23
44 72
71 7
66 22
57 84
54 56
44 47
9 5
28 4
48 8
7 33
20 87
33 21
45 80
45 72
66 46
65 86
98 99
0 98
40 25
59 49
41 90
92 89
34 89
98 86
8 28
76 59
79 44
34 33
64 81
96 13
12 57
54 42
40 78
64 61
82 65
55 16
65 69
54 73
77 84
54 27
32 77
36 69
26 58
45 99
47 41
0 66
41 35
43 27
68 54
81 18
96 0
99 23
0 32
1 35
57 3
30 13
36 0
1 76
74 12
97 30
58 32
98 95
85 3
66 98
88 14
79 2
92 66
33 62
40 53
1 5
7 18
16 15
15 71
27 34
27 62
46 56
72 38
93 21
21 10
36 5
81 34
70 76
77 34
91 52
45 16
67 33
84 39
83 55
