101
72 18
61 5
72 14
3 46
85 3
78 88
47 97
47 6
93 51
21 56
16 90
31 56
20 1
7 8
94 66
53 99
52 56
35 0
51 15
80 56
45 29
6 28
66 91
42 8
57 17
76 61
71 55
44 44
56 53
46 16
87 11
8 16
20 25
36 41
60 45
87 28
42 32
21 10
27 5
11 29
23 26
11 4
75 79
35 17
51 85
95 1
1 1
30 8
90 74
53 79
26 29
24 39
9 85
89 44
25 17
17 17
13 11
98 15
99 71
97 81
83 67
61 95
70 74
63 89
83 83
81 15
66 16
40 67
27 99
67 98
97 7
32 67
94 15
39 23
27 41
2 32
33 98
14 71
10 47
64 69
45 61
7 95
96 39
29 83
82 34
37 81
61 74
41 66
33 37
95 21
18 86
23 72
7 42
91 59
66 31
71 45
59 31
65 39
27 50
50 40
59 24
