107
98 29
70 2
91 89
92 16
22 90
15 20
41 70
54 72
77 92
77 28
46 67
3 53
79 89
10 76
48 17
87 79
89 77
26 87
85 73
67 89
9 38
70 83
82 32
31 66
78 10
88 10
73 9
55 84
1 17
9 31
80 44
28 51
12 66
40 10
73 74
93 26
1 39
15 77
90 37
24 75
29 67
85 98
0 82
3 31
35 37
48 52
33 11
24 58
62 34
56 6
53 99
81 65
42 27
51 33
41 45
88 67
37 46
89 71
67 65
56 40
95 46
59 69
53 92
40 26
12 39
48 59
95 62
4 98
53 39
18 15
23 0
42 0
70 51
18 97
83 37
5 72
98 4
71 97
44 36
35 27
44 60
33 99
43 13
96 55
90 0
68 72
0 92
23 83
26 65
38 0
15 3
26 42
57 18
11 91
21 7
71 15
25 28
13 56
25 33
15 44
67 57
56 47
90 54
76 58
68 27
72 31
57 23
