114
98 83
94 58
1 11
95 73
16 91
4 40
57 66
95 0
93 42
13 91
36 3
93 48
16 11
55 9
92 24
93 31
74 84
87 53
1 17
14 24
11 67
77 63
50 88
53 30
89 15
46 36
50 58
30 97
44 6
29 22
32 59
2 21
61 94
41 14
33 92
71 22
51 7
62 30
76 13
66 12
15 49
27 48
94 88
79 96
56 37
47 48
8 13
23 13
42 28
53 52
39 40
83 97
81 3
99 16
81 14
43 75
0 36
38 49
81 34
44 0
60 98
0 66
22 1
21 25
43 42
58 44
30 56
98 53
94 80
80 91
0 43
12 2
12 53
91 40
33 17
12 28
69 82
76 0
46 99
3 84
81 71
27 31
78 48
51 83
20 98
43 20
96 8
9 77
19 67
33 64
78 70
63 69
66 62
43 82
29 78
56 2
63 0
58 16
66 38
15 76
24 81
4 52
4 35
74 95
34 86
75 27
71 41
27 8
48 74
83 28
40 94
41 69
38 61
85 24
