205
1 3
1 96
1 8
1 88
1 80
1 24
1 72
1 32
1 64
1 40
1 56
1 48
1 16
99 0
91 0
18 0
73 0
24 0
42 0
67 0
49 0
92 98
99 6
4 94
18 99
99 24
99 32
99 16
68 98
42 99
4 2
92 90
78 95
23 98
75 98
47 98
32 94
56 94
85 1
87 94
15 94
92 82
92 74
92 66
61 95
92 58
92 50
90 5
15 2
76 2
84 86
32 2
35 2
37 95
59 2
56 2
92 42
4 10
18 5
4 86
18 91
4 18
92 14
4 78
84 78
92 30
84 18
85 9
92 22
71 6
4 26
19 14
23 90
4 70
18 83
32 86
15 86
75 90
78 87
84 70
4 34
4 62
84 26
88 44
88 60
18 75
4 42
64 90
78 79
42 5
88 36
88 52
78 23
4 54
40 90
32 78
15 78
78 71
49 5
60 86
74 80
47 90
56 86
78 63
78 55
78 39
78 47
78 31
78 15
66 5
71 14
11 18
23 6
23 14
37 9
19 30
18 21
32 18
15 14
11 70
23 82
37 87
18 67
32 70
19 58
17 48
11 34
11 62
11 46
15 52
10 28
20 38
25 35
32 10
23 22
37 17
68 14
75 30
52 10
51 14
64 20
37 25
25 37
23 54
25 73
74 48
74 64
63 10
60 26
75 22
73 37
74 56
68 82
76 72
60 78
60 70
50 80
64 74
39 16
56 18
23 66
36 76
32 26
40 82
56 78
64 22
40 22
27 36
43 30
30 41
31 50
37 71
40 74
68 66
54 71
60 54
62 36
51 24
47 30
64 30
64 38
44 38
37 55
23 50
32 62
34 36
36 60
50 64
64 58
36 44
59 42
64 60
52 72
43 58
49 45
40 62
54 63
64 50
45 48
52 46
57 28
49 43
47 58
54 49
56 38
