103
41 3
96 39
61 8
98 83
86 8
90 30
70 11
38 69
39 52
78 48
38 67
25 6
17 86
97 31
8 64
94 51
32 49
48 0
26 85
86 34
12 52
32 14
25 27
88 54
80 41
14 4
23 15
29 4
80 78
57 5
92 60
9 6
42 86
44 27
55 28
25 11
97 21
22 67
30 55
78 39
12 44
21 49
65 38
61 35
49 25
52 37
83 16
52 71
45 61
80 92
72 98
64 97
34 77
25 31
92 10
66 73
51 45
70 26
73 70
40 38
49 92
70 33
22 75
79 0
86 92
97 66
30 78
37 19
86 64
10 20
54 81
55 77
91 0
98 3
39 94
0 2
43 98
66 90
30 99
12 98
1 20
74 42
87 98
12 38
9 83
3 73
1 41
74 65
59 62
76 19
12 62
62 83
52 14
59 56
84 23
6 35
16 24
10 69
40 12
67 49
58 42
20 33
20 40
