113
3 5
4 95
18 35
80 93
29 2
6 20
17 13
15 32
43 90
36 30
5 86
90 22
70 5
28 89
34 9
8 53
39 83
91 14
83 26
4 68
58 13
58 20
14 81
13 51
44 38
31 45
37 11
7 28
11 14
97 68
0 51
99 16
19 70
43 76
6 11
85 91
17 42
96 82
10 23
77 68
49 39
24 48
48 66
28 31
94 80
62 93
2 43
82 38
53 64
81 42
29 57
40 1
53 75
74 78
32 28
80 0
68 72
64 62
57 84
57 78
64 30
0 24
61 98
76 99
22 23
1 66
62 0
68 68
77 77
37 91
73 25
88 81
93 21
96 61
38 69
98 36
58 44
17 78
71 63
22 87
94 95
33 50
63 36
18 97
42 17
35 36
30 65
67 38
18 92
21 16
56 97
44 86
67 16
45 6
95 47
25 63
5 60
11 77
96 31
90 66
95 41
82 54
85 60
19 63
78 57
67 44
43 52
68 83
73 49
56 58
58 56
44 53
53 49
