110
90 26
3 87
92 32
75 32
97 2
2 54
8 69
6 10
94 51
68 30
1 27
0 41
76 21
83 91
76 8
81 66
84 46
3 18
73 46
23 38
75 14
83 70
67 80
60 14
17 3
82 0
72 96
65 83
65 70
56 36
15 96
4 22
98 64
92 40
51 0
77 82
23 81
26 78
84 59
14 54
64 41
16 72
8 88
48 12
41 31
57 46
27 69
31 38
75 13
17 8
41 94
35 56
21 97
99 75
99 54
33 59
24 92
59 65
98 98
37 29
8 53
55 99
22 1
52 17
70 54
30 86
41 63
42 38
67 90
9 99
80 73
21 40
61 5
44 4
67 1
27 95
85 26
40 87
43 79
56 89
70 55
34 68
50 42
86 85
93 89
83 7
10 25
63 98
36 4
53 27
91 78
31 12
26 18
16 30
38 6
39 24
32 19
58 77
65 62
51 64
50 50
44 45
20 71
14 45
25 54
27 32
22 57
43 57
16 91
24 47
