110
98 5
91 27
1 42
9 20
72 30
64 96
64 97
7 11
6 88
80 92
77 6
4 74
81 14
85 23
92 38
77 35
27 25
64 26
66 57
58 43
1 3
21 6
59 9
4 52
74 97
62 7
84 4
0 60
98 44
14 16
25 69
86 47
27 50
5 42
99 72
38 2
52 10
51 80
49 23
10 83
29 14
31 86
28 80
52 87
58 19
44 80
83 71
21 1
1 33
80 62
48 50
38 34
4 99
95 23
99 99
97 58
47 82
61 83
40 11
7 55
41 49
14 57
84 48
17 8
32 61
88 0
24 87
14 94
32 16
85 98
44 7
1 94
70 0
59 23
83 20
70 51
24 72
53 44
63 69
64 18
29 99
40 89
64 79
42 75
33 57
95 83
22 33
71 36
20 47
90 88
76 77
72 80
42 25
29 41
44 29
53 40
51 61
81 84
8 60
16 72
89 58
75 59
70 64
54 65
40 59
12 2
11 13
16 75
33 75
56 71
