102
99 19
5 93
87 0
33 97
95 57
15 3
80 20
6 38
71 99
90 34
56 86
6 76
84 18
14 26
71 25
7 56
28 25
32 11
34 79
15 21
37 32
54 72
71 10
56 68
0 86
40 93
35 67
79 62
42 27
50 75
9 79
70 4
64 53
0 2
82 75
55 3
48 28
54 14
52 84
83 47
53 67
67 59
3 66
74 81
62 92
18 65
20 65
96 35
80 67
25 59
68 12
17 40
61 0
47 6
71 0
15 83
41 71
35 41
34 57
18 55
99 98
81 38
36 35
75 39
2 28
67 99
77 89
6 42
41 86
55 50
92 2
88 99
12 94
41 0
54 9
57 98
55 18
97 52
53 14
18 15
57 28
27 2
84 28
21 43
98 10
3 14
92 85
93 82
93 71
23 82
39 15
70 74
66 39
49 44
41 59
33 52
47 49
31 74
68 44
12 29
77 47
26 52
