113
60 28
41 37
22 91
32 55
72 6
63 1
64 98
43 53
3 76
95 91
7 23
31 87
14 59
18 48
27 4
17 84
36 71
35 12
14 8
42 4
62 92
31 20
18 59
28 48
1 19
66 99
39 21
63 38
74 86
12 19
37 13
68 23
77 48
73 47
28 61
34 52
9 9
98 65
39 16
58 16
42 44
94 46
55 13
97 14
46 68
0 10
45 1
87 30
85 31
72 23
13 46
18 13
7 25
33 38
88 82
89 61
87 46
99 53
55 79
67 9
62 82
5 1
43 95
76 25
82 75
78 33
81 56
83 2
56 0
29 75
0 53
3 98
0 41
95 99
53 2
99 83
79 93
57 98
67 71
0 84
90 58
39 99
92 87
89 11
32 81
91 1
22 29
46 86
6 40
18 66
53 69
98 25
21 22
51 16
61 64
64 54
49 52
48 41
66 92
81 92
78 10
95 32
71 78
10 54
73 39
86 70
74 62
97 76
95 69
75 21
92 21
81 67
81 39
