115
77 34
5 73
88 18
3 30
3 59
43 71
36 57
27 33
90 96
97 88
5 51
16 45
75 64
32 41
54 42
6 7
1 52
3 38
11 38
48 94
37 46
18 47
60 27
46 29
85 86
87 70
49 86
86 49
74 41
45 56
56 52
88 10
69 97
7 66
34 20
42 88
42 15
39 94
12 6
81 80
44 10
34 28
75 2
71 92
60 36
73 95
57 99
73 74
61 0
23 62
49 48
10 80
47 15
53 85
39 8
54 3
38 51
41 65
0 90
80 53
80 17
71 67
73 12
61 4
58 73
88 0
90 84
2 2
34 0
2 44
93 40
98 48
76 28
1 98
84 99
19 1
53 70
79 87
63 51
99 98
99 21
18 7
21 27
48 35
2 82
16 23
35 85
26 99
18 38
45 79
7 95
98 79
22 95
98 66
67 89
94 57
52 15
59 59
65 52
24 0
78 8
17 81
28 90
88 76
16 78
27 14
20 77
89 59
86 40
71 47
34 76
41 35
25 80
31 14
25 7
