108
94 0
35 93
97 8
88 3
22 1
2 77
26 5
90 96
70 9
2 35
90 56
79 59
95 54
18 89
23 85
91 40
39 37
95 98
9 0
70 81
43 11
67 92
61 81
41 80
64 56
93 78
99 24
94 75
89 89
29 14
58 98
26 89
19 30
38 82
89 21
86 36
37 53
1 11
74 28
54 15
27 36
24 59
32 59
51 64
94 24
89 70
0 0
38 66
15 71
49 50
33 37
35 23
21 68
77 36
93 89
51 29
48 15
56 22
33 32
49 7
39 64
63 92
99 31
68 75
76 77
54 62
6 53
79 0
99 95
3 25
51 55
80 20
12 63
0 94
15 99
36 79
49 73
83 39
17 22
59 0
32 7
37 26
24 44
81 97
44 96
99 16
85 28
71 71
48 87
59 26
1 70
75 14
6 36
5 61
15 47
10 29
61 41
66 25
66 41
65 25
83 43
57 42
11 82
22 73
17 53
57 55
29 70
42 59
