106
52 33
3 5
96 65
1 75
26 4
24 93
66 96
44 93
73 65
44 24
3 78
33 8
21 26
6 39
25 49
16 62
39 51
42 49
57 8
90 72
25 88
19 31
21 49
92 88
80 84
27 59
96 8
11 80
68 97
81 85
0 33
97 52
81 51
88 9
84 93
66 54
72 34
10 13
34 99
39 84
62 17
82 99
10 29
65 8
31 75
56 44
81 9
90 42
66 63
50 73
44 60
30 59
80 46
66 47
78 15
46 81
22 28
30 70
44 66
32 12
97 95
16 99
49 95
2 58
99 49
33 77
40 0
86 24
57 50
98 90
80 2
23 42
0 12
87 33
17 66
13 45
3 61
46 0
14 59
46 87
99 30
18 6
41 23
88 16
99 25
3 84
10 98
16 94
76 0
76 37
72 29
36 25
31 39
39 74
45 59
57 69
10 20
72 14
83 67
60 84
66 78
70 60
95 16
76 81
63 92
78 94
