103
44 96
2 1
0 15
8 3
0 87
16 3
0 27
0 63
0 39
40 3
0 51
44 6
44 18
44 78
44 30
44 66
44 42
44 54
2 95
12 96
0 75
24 3
28 96
6 98
2 7
38 98
4 18
4 78
4 30
32 3
4 66
4 42
4 54
40 15
40 27
40 63
40 39
40 51
22 98
42 89
40 75
12 6
8 15
20 6
28 6
8 27
36 6
8 63
8 39
36 18
8 51
36 78
36 30
36 66
36 42
36 54
18 95
34 95
16 87
12 18
16 15
8 75
20 18
24 15
12 30
20 78
16 27
32 87
12 66
28 18
32 15
20 30
24 27
16 63
12 42
20 66
16 39
12 54
28 30
32 27
24 63
20 42
28 66
24 39
16 51
20 54
32 63
28 42
32 39
24 51
28 54
32 51
50 0
12 78
16 75
24 75
28 78
32 75
6 86
10 89
26 89
38 86
22 86
