109
54 96
28 82
32 98
16 98
50 89
92 9
21 87
75 27
10 98
0 58
4 41
18 34
33 33
10 85
2 36
61 31
12 3
72 99
14 66
6 56
68 29
48 14
70 61
90 32
81 21
91 49
59 75
96 85
28 1
72 12
78 28
48 50
82 86
39 13
25 56
34 48
0 34
24 73
16 61
11 58
84 14
78 10
82 71
51 45
70 2
10 28
32 22
49 14
33 16
59 92
79 62
56 43
77 85
73 88
16 26
0 51
62 66
61 56
4 9
17 51
71 6
96 9
99 23
73 50
53 55
99 69
90 0
78 92
51 72
63 0
60 4
46 68
1 1
34 36
84 64
65 59
32 54
0 88
97 93
91 75
24 64
3 45
15 95
41 75
3 83
30 64
22 48
96 72
4 18
15 8
34 3
25 15
63 15
63 83
76 76
47 25
71 43
54 28
64 39
45 61
89 91
93 18
13 20
95 64
90 40
74 43
88 57
86 46
43 35
