107
23 3
45 4
99 74
90 31
94 42
99 25
84 86
41 43
85 72
46 5
78 0
95 61
91 58
25 90
2 0
67 12
44 28
41 50
22 18
77 78
77 40
62 42
61 0
0 96
59 88
7 46
28 34
52 89
40 21
66 50
59 94
3 34
61 77
73 87
9 85
2 11
28 21
23 32
36 39
22 85
18 44
21 76
29 62
46 34
49 62
82 34
0 74
28 22
36 79
34 28
14 49
28 57
39 67
61 35
62 36
42 45
2 38
67 40
21 42
11 89
16 31
18 47
10 56
19 18
63 14
24 70
62 20
99 65
89 51
74 95
61 86
79 55
43 76
98 51
0 80
33 56
7 15
1 55
72 24
85 78
58 20
24 66
87 12
0 18
8 31
77 16
41 15
81 97
22 8
65 6
26 76
4 70
33 96
3 60
41 96
76 26
43 10
74 62
60 63
62 71
64 57
92 72
36 91
47 80
15 63
41 81
73 33
