110
95 98
3 86
35 22
42 19
2 21
90 33
76 30
13 32
12 28
87 41
29 29
7 88
81 6
81 14
6 39
82 29
89 16
3 47
70 15
55 87
20 2
95 66
19 76
21 76
61 7
66 82
21 45
61 67
36 46
0 87
79 94
99 50
96 2
51 27
42 88
41 86
84 56
62 74
65 35
52 70
40 57
94 60
40 70
0 96
8 98
64 24
51 49
8 17
28 87
71 19
15 50
43 74
65 44
26 4
14 61
8 46
89 3
26 91
57 76
31 55
93 82
83 79
86 87
88 81
53 33
57 35
39 48
23 37
0 2
67 0
27 49
23 96
29 0
46 0
15 13
38 99
47 99
59 91
75 98
0 39
87 64
89 56
64 42
35 32
43 65
90 89
99 27
0 64
11 66
65 18
99 80
57 99
53 2
39 39
27 15
81 44
25 60
68 50
55 54
3 6
9 3
13 80
28 77
79 70
76 68
56 17
76 73
76 90
37 29
58 65
