113
94 43
86 43
54 22
30 46
5 45
62 10
18 37
70 33
48 82
34 83
85 61
34 31
47 37
29 19
28 5
10 51
3 29
7 14
22 12
38 63
20 26
42 12
45 12
50 21
28 87
87 30
64 87
91 98
76 60
56 11
38 68
3 22
72 90
11 12
12 78
15 77
76 84
74 63
85 77
84 3
80 33
44 59
25 20
58 87
49 73
60 3
4 29
25 76
69 26
99 0
15 81
37 37
34 71
79 5
25 44
59 66
4 92
49 99
23 79
10 73
11 22
66 67
19 4
0 0
6 75
54 27
40 33
17 99
34 24
0 8
44 42
9 59
99 15
90 27
0 61
86 91
6 95
75 0
42 0
70 97
99 60
80 11
83 63
32 61
99 80
98 67
66 50
5 87
68 72
5 0
28 93
44 93
78 77
84 98
19 98
91 83
20 61
22 41
85 49
63 40
48 52
94 10
1 69
44 2
61 73
53 44
30 10
14 3
85 18
74 8
42 77
81 25
24 67
