106
88 5
3 14
58 80
10 9
75 96
85 29
1 38
61 38
89 21
33 94
20 34
70 54
75 26
52 96
37 91
82 94
14 87
78 92
22 16
86 44
38 13
31 59
25 50
42 85
72 62
46 78
41 71
10 87
1 75
15 72
60 29
94 24
2 65
8 52
88 70
40 29
29 32
47 20
74 57
61 63
31 40
64 38
76 69
67 93
36 77
39 81
77 74
37 34
39 68
26 19
32 15
59 43
91 79
31 70
23 60
14 13
82 66
88 58
97 45
43 19
0 86
0 19
20 26
62 10
99 66
99 99
2 24
44 0
88 11
89 48
64 67
59 53
45 49
12 0
71 8
34 1
98 2
20 44
36 66
46 23
4 69
77 30
27 2
36 88
91 84
73 88
98 85
18 97
78 1
64 3
96 64
57 6
59 92
91 86
20 74
67 24
13 48
44 63
23 88
19 70
9 58
59 21
39 49
50 40
53 36
45 39
