137
2 77
97 1
62 97
12 77
68 41
97 91
8 91
28 97
42 47
38 61
58 47
0 1
72 47
28 71
48 61
52 47
99 31
82 97
58 67
82 7
18 17
8 67
68 81
80 2
20 6
98 99
72 87
58 7
50 17
93 19
99 58
8 37
72 67
40 26
61 27
22 47
28 50
68 0
20 62
0 27
0 99
52 77
69 27
82 47
80 51
27 89
78 77
90 36
92 79
28 37
48 91
12 47
38 79
52 37
80 26
30 0
28 7
29 17
81 69
89 57
0 91
82 17
98 64
99 46
21 31
71 59
0 36
0 51
79 89
68 99
38 41
0 6
0 21
99 6
99 16
0 71
0 56
99 72
7 0
22 0
41 0
42 99
99 82
99 36
7 99
92 99
17 99
7 19
47 0
63 0
47 99
42 9
93 0
23 22
62 57
1 56
8 7
99 14
11 61
32 57
42 67
62 41
48 31
42 17
67 12
83 87
92 71
78 61
8 27
92 27
82 37
96 44
19 82
18 81
22 67
33 95
70 16
58 91
33 79
19 91
41 91
42 75
18 37
28 27
36 42
45 33
48 7
62 81
92 51
54 84
66 74
52 69
88 91
67 9
57 19
72 14
92 7
