100
70 93
49 2
49 42
49 12
49 22
49 32
2 95
78 0
70 2
70 83
93 45
72 72
70 73
70 32
70 53
2 0
30 2
70 12
70 22
70 63
73 50
2 5
28 95
80 42
70 42
2 10
0 42
0 88
25 2
0 58
2 20
2 30
0 33
10 2
2 15
10 93
0 78
20 2
30 12
18 95
5 88
0 68
27 90
30 83
2 50
30 22
30 73
30 32
30 63
30 42
30 53
15 2
2 25
23 90
5 78
10 83
15 88
5 68
15 78
25 12
5 37
5 58
15 68
20 73
10 63
15 58
15 48
20 53
78 18
82 32
10 12
20 12
10 22
10 73
20 63
10 53
20 83
20 22
10 32
25 82
25 22
15 32
8 45
20 32
25 73
25 32
13 40
20 42
25 63
25 42
25 53
15 12
15 22
97 38
92 2
78 5
97 7
92 22
97 15
97 31
