107
1 80
28 2
80 59
29 8
98 26
83 30
60 97
96 98
3 62
41 99
81 22
22 35
61 32
56 38
91 94
81 91
91 81
16 21
66 90
43 79
81 53
45 19
76 0
36 4
67 51
65 65
32 86
28 59
51 32
82 42
32 38
34 85
97 62
38 40
29 29
56 42
41 47
44 54
48 55
23 50
21 41
58 69
53 69
20 7
24 22
37 96
58 8
71 89
35 19
69 0
15 75
99 55
0 16
74 10
64 40
99 95
17 92
98 41
99 3
47 43
0 40
0 33
94 10
21 58
67 35
97 72
16 36
7 48
98 81
59 14
79 5
74 19
84 97
96 48
31 91
45 15
69 80
19 64
57 87
95 77
5 2
60 82
15 50
51 74
84 36
83 76
28 82
76 99
14 84
5 17
2 31
1 54
67 19
63 57
63 74
88 2
7 72
85 54
34 67
71 42
6 55
32 70
43 25
35 61
42 60
14 43
43 31
