87
74 26
93 72
98 28
34 96
3 6
91 8
80 80
18 74
98 99
90 4
39 78
44 6
61 54
43 2
8 9
30 26
46 38
68 43
22 6
11 15
39 92
40 13
36 28
36 12
15 47
44 48
70 52
19 20
9 30
28 44
34 42
12 44
36 40
3 19
47 11
40 28
31 54
0 32
14 29
86 5
85 30
18 36
22 25
31 21
20 40
26 46
4 13
2 39
60 44
92 43
0 61
15 15
22 30
12 23
99 0
0 43
57 78
34 58
90 70
33 75
84 56
16 54
21 90
55 88
99 21
66 78
37 0
89 14
49 62
74 16
54 18
15 94
84 83
67 2
26 38
8 0
61 9
71 69
93 68
91 58
74 62
51 24
34 68
47 74
42 55
31 12
55 48
