107
6 96
8 81
9 14
97 27
19 24
28 85
40 5
77 8
96 89
43 95
2 60
88 38
14 58
83 92
87 23
33 21
51 90
54 35
53 40
26 2
23 87
94 49
78 53
78 48
65 13
82 68
59 36
46 45
82 88
71 79
31 97
57 88
29 70
45 99
99 97
74 88
6 51
91 14
97 32
33 4
59 4
69 68
30 65
64 57
42 51
95 59
88 73
41 55
51 58
71 73
72 16
58 71
60 57
18 58
33 56
99 34
31 51
36 55
67 77
50 53
61 43
56 26
99 74
47 69
63 71
86 60
0 55
7 0
53 70
69 98
68 63
26 41
95 98
5 7
61 98
98 3
81 82
71 35
72 55
76 22
25 49
81 39
21 95
11 78
23 65
7 37
84 5
96 81
17 15
32 11
48 5
37 25
41 22
23 9
15 40
29 34
57 12
75 32
42 83
58 21
72 27
36 70
70 49
86 13
39 69
57 82
38 64
