106
1 30
13 66
1 58
58 53
90 24
55 68
18 3
95 82
97 70
74 23
92 75
65 92
71 82
9 45
53 8
65 25
22 55
68 56
80 65
67 98
1 33
70 8
15 34
41 84
96 63
91 41
30 33
53 33
93 94
90 33
44 20
66 40
99 96
93 81
36 14
48 10
82 46
33 96
81 39
23 97
15 84
87 48
57 80
72 67
1 48
0 78
86 18
16 21
27 42
16 30
13 20
32 6
85 60
56 25
46 70
53 64
84 15
76 45
7 79
46 0
38 21
87 74
47 72
82 0
83 96
46 43
26 57
98 62
20 91
62 99
1 98
27 86
61 1
47 91
35 81
98 0
0 83
99 47
24 9
88 99
62 44
98 28
2 11
21 83
66 35
94 2
41 0
75 82
35 64
35 61
17 9
68 14
41 89
84 4
39 96
73 79
61 84
12 49
78 60
26 48
33 41
22 25
61 33
64 6
80 7
24 18
