111
19 93
36 22
5 79
17 83
95 76
95 24
60 90
98 80
1 21
32 3
98 65
9 54
38 94
96 95
48 2
35 97
5 61
64 5
43 12
63 78
57 22
79 48
61 83
0 99
24 21
68 29
88 11
83 22
78 33
82 58
6 5
22 49
25 53
50 29
99 27
15 68
99 0
0 0
8 16
75 56
68 16
86 64
79 29
16 40
82 3
7 64
29 99
48 53
96 85
98 99
19 11
67 14
99 74
85 40
15 11
10 25
73 8
36 38
99 58
25 6
64 36
70 50
56 49
64 44
72 31
17 39
47 7
46 99
98 88
33 6
32 36
66 0
18 73
58 49
85 21
58 28
18 0
41 30
89 99
60 59
38 0
77 2
81 98
5 21
19 26
77 75
98 3
97 38
3 43
91 45
52 57
19 16
54 34
68 63
98 12
58 1
73 70
64 66
54 86
43 93
7 34
29 73
43 77
37 79
33 65
45 79
47 67
33 56
46 38
39 51
43 55
