105
11 4
91 5
80 3
18 73
5 30
2 50
9 88
89 80
83 21
10 67
46 10
90 18
71 87
75 72
96 97
14 41
85 62
77 64
63 55
11 88
76 33
18 60
87 54
27 35
44 72
4 19
70 9
35 84
46 37
8 77
89 64
77 56
75 24
42 65
51 63
80 7
98 82
35 5
23 52
79 38
64 46
47 27
87 88
63 8
74 45
62 62
90 93
90 0
78 10
45 81
35 13
30 23
33 21
1 93
28 17
91 83
49 3
26 27
36 24
49 85
57 16
76 23
46 13
36 36
25 98
30 83
56 49
11 22
1 5
36 70
98 47
60 36
0 69
99 55
71 51
65 0
97 26
5 83
53 56
6 98
57 79
49 42
16 7
64 12
50 22
40 99
58 99
62 99
75 78
9 51
15 36
32 41
28 58
2 90
13 13
96 74
64 85
25 67
44 56
38 95
53 94
66 23
68 26
67 60
43 93
