107
2 97
73 3
4 11
6 77
93 97
78 1
97 25
29 91
19 6
0 33
96 23
83 18
27 18
41 16
48 18
11 86
99 69
87 87
90 81
25 23
52 70
32 20
67 21
63 24
12 82
18 34
7 52
87 36
77 35
59 33
29 81
67 64
16 82
25 90
91 71
51 72
17 63
47 29
62 35
61 98
35 37
37 53
83 34
67 77
33 35
17 56
33 7
2 4
8 21
56 54
58 83
99 79
64 36
85 22
82 85
47 4
26 51
75 12
66 50
87 59
1 71
3 57
40 48
31 59
99 93
45 98
98 5
20 98
99 44
84 49
41 47
25 75
81 53
65 54
72 82
58 57
63 1
10 12
38 96
81 32
73 63
43 77
10 28
2 42
38 7
62 93
94 43
28 40
9 1
79 93
70 93
85 73
7 58
75 67
37 74
58 77
31 75
22 61
23 37
31 50
41 31
65 27
54 38
42 55
48 44
56 48
76 21
