107
53 95
2 93
94 88
38 99
24 97
90 90
6 43
4 2
19 98
24 7
10 52
64 22
85 50
92 70
40 85
26 41
65 34
50 79
54 52
51 3
9 33
34 86
20 33
17 37
57 66
0 2
39 47
53 50
39 2
80 32
7 21
77 9
74 38
46 10
48 84
28 5
16 27
13 8
95 28
77 83
11 65
40 92
30 31
62 57
65 53
1 34
93 14
28 98
12 74
50 17
40 27
68 94
54 99
2 65
20 90
89 38
62 66
88 9
82 27
71 30
81 59
57 21
10 58
73 99
78 14
46 30
1 8
92 97
99 64
42 16
99 48
80 84
3 84
76 97
26 77
79 49
56 71
93 4
99 19
79 0
98 69
64 76
25 55
38 66
5 7
99 9
94 34
70 0
14 18
75 92
60 27
45 34
43 60
87 0
21 76
16 90
32 22
92 65
11 82
20 69
19 12
29 22
81 23
83 70
75 76
84 64
85 23
