109
56 7
17 98
72 99
2 79
60 86
14 9
1 46
0 72
75 74
51 29
62 7
56 14
32 60
42 33
26 90
1 39
88 1
8 59
94 95
84 83
56 72
49 34
85 9
89 74
31 81
74 68
36 50
64 97
55 44
48 57
78 99
80 36
51 24
80 18
17 57
44 56
72 93
16 74
18 30
20 47
57 62
25 39
14 48
91 41
71 41
48 90
60 28
42 25
68 65
68 79
0 98
15 55
26 70
43 19
26 5
77 22
59 81
58 69
66 51
4 89
33 4
99 0
42 67
99 59
99 44
40 11
71 0
99 86
26 86
69 83
89 54
16 19
27 0
14 13
3 25
99 78
92 26
39 97
92 46
77 40
63 35
9 86
32 35
97 12
89 24
27 19
43 90
51 48
35 64
44 75
86 93
96 70
75 19
13 64
17 82
29 20
39 78
32 55
15 40
79 12
65 13
14 33
7 41
89 63
31 24
69 54
79 64
74 49
85 46
