116
3 69
60 94
7 89
58 82
2 10
86 50
17 91
0 77
92 72
27 21
92 54
66 43
0 24
9 65
20 76
39 43
35 7
45 2
64 29
78 48
49 68
1 14
74 10
58 5
63 84
77 82
87 68
85 44
69 28
67 51
51 41
68 38
8 12
94 9
28 97
62 70
36 10
71 72
14 54
98 1
32 21
38 20
52 32
80 82
60 7
31 67
92 11
23 76
6 0
56 61
98 59
47 54
53 99
5 33
41 31
52 6
83 90
73 67
91 99
91 84
23 0
42 21
60 0
97 44
0 52
63 86
47 50
53 50
37 54
48 44
45 13
83 75
40 40
0 47
52 75
98 31
9 43
37 25
19 34
1 38
92 0
28 5
69 13
2 25
12 89
77 0
8 40
77 77
20 48
18 17
37 86
37 84
37 59
51 61
92 97
96 81
1 62
83 24
95 33
84 29
22 31
24 90
78 30
55 15
88 4
79 60
56 22
70 63
52 21
27 48
33 62
1 42
16 38
37 66
63 35
42 62
