113
46 1
97 23
0 61
99 42
84 2
14 5
91 23
38 55
14 84
82 81
26 93
20 36
74 22
43 24
74 1
95 71
3 44
13 55
72 24
25 9
17 83
31 13
15 68
17 33
29 36
25 7
36 50
72 92
19 24
55 12
90 34
12 98
28 91
78 44
71 29
80 47
36 68
51 74
65 85
12 39
38 92
30 67
46 34
0 65
71 43
58 71
32 97
6 0
99 97
99 79
67 70
58 18
68 38
71 38
58 31
10 11
39 10
69 52
63 45
44 68
97 0
99 47
88 59
22 99
71 8
42 99
77 73
54 27
17 15
51 86
87 29
16 75
40 65
61 83
69 22
38 32
75 99
67 0
2 14
86 90
45 16
0 37
3 51
3 82
64 58
52 36
30 76
94 63
96 14
21 50
89 8
5 68
63 99
99 57
26 22
45 8
23 53
28 50
55 45
61 91
47 95
81 10
35 82
29 75
42 87
79 62
90 53
53 67
74 57
61 64
56 50
71 59
57 36
