115
98 16
96 30
5 79
51 98
68 92
7 64
97 77
47 66
2 20
77 91
88 22
64 2
56 93
54 91
47 15
91 8
97 97
23 15
71 54
8 27
28 87
35 96
77 80
72 9
49 30
56 55
84 28
32 18
46 52
59 46
46 20
69 85
41 38
22 63
56 59
75 71
53 80
46 17
56 36
81 79
78 39
40 76
60 70
93 58
91 56
33 70
30 53
0 95
17 64
58 56
76 35
76 64
21 58
48 71
43 60
4 18
45 48
99 35
79 73
75 50
85 60
56 32
18 1
33 35
25 47
7 48
18 39
48 0
73 11
64 46
61 77
14 86
48 89
33 27
98 5
33 5
70 26
25 98
99 62
7 69
75 0
81 99
68 64
95 89
3 34
4 55
30 56
11 97
10 32
5 4
92 40
64 8
37 12
45 43
4 89
10 8
83 1
19 96
16 15
20 79
57 2
19 29
38 88
29 28
60 18
19 72
22 74
68 23
84 17
62 38
90 70
75 17
83 53
72 40
60 85
