110
97 95
12 34
94 53
10 52
48 90
34 31
39 6
20 40
34 65
91 92
33 6
36 3
0 23
24 6
70 2
89 42
47 89
29 64
40 34
59 65
61 55
2 53
85 19
30 85
25 23
91 77
34 98
18 72
8 61
48 36
21 3
5 71
20 69
75 48
73 95
84 28
59 79
33 84
76 63
30 96
76 15
35 93
84 64
80 58
51 19
40 68
0 0
76 82
71 27
68 75
72 41
54 8
69 12
45 82
13 94
14 31
85 69
1 12
19 87
1 37
75 5
92 56
65 26
73 74
15 9
77 99
60 1
99 42
76 30
13 76
10 68
81 0
99 72
27 90
59 6
90 7
55 72
98 5
81 84
80 93
82 22
67 81
1 18
0 5
33 27
83 99
1 92
40 51
79 36
66 95
99 20
49 99
92 87
81 78
98 30
16 54
66 61
62 41
54 40
58 46
53 5
66 20
72 89
11 14
94 23
15 20
18 17
40 12
11 47
37 23
