103
3 21
96 78
3 56
4 1
4 7
4 36
81 78
4 42
66 78
36 78
51 78
5 58
6 21
93 77
31 79
82 56
83 20
20 58
83 4
20 23
78 77
35 23
63 77
46 79
50 23
65 23
35 58
67 56
50 58
31 95
83 39
4 4
95 94
19 4
80 94
68 4
34 4
65 94
46 95
53 4
4 39
68 39
53 39
38 39
21 40
99 97
80 0
85 99
18 0
70 99
33 0
34 99
53 99
65 0
48 0
86 25
6 62
28 74
93 72
86 64
21 62
36 62
99 92
16 98
43 74
52 63
58 74
69 63
73 74
6 27
21 27
71 25
36 27
56 25
84 92
69 92
54 92
37 93
18 9
33 7
48 7
80 9
62 6
77 23
62 21
78 37
18 44
13 58
42 21
78 42
77 58
28 58
32 43
18 37
13 23
27 21
63 37
46 37
31 37
62 41
62 58
46 42
43 58
