113
58 76
8 95
11 5
19 91
94 3
97 31
37 0
29 12
68 88
72 81
32 81
19 37
76 35
88 8
11 83
62 36
55 68
21 46
64 49
94 62
43 4
63 82
58 21
10 72
7 10
77 98
10 29
26 28
96 42
17 25
21 45
39 52
33 47
49 42
84 7
82 22
99 79
8 20
12 19
0 68
93 91
13 64
59 14
59 48
88 97
5 57
32 67
49 62
3 77
17 66
49 89
27 30
44 45
52 59
18 60
71 0
90 86
45 21
79 53
54 19
45 31
86 25
1 88
83 91
45 3
0 58
85 66
27 77
96 46
93 63
52 46
98 99
96 82
99 84
22 62
96 34
95 49
22 1
62 0
49 10
59 54
38 63
6 51
86 15
78 40
23 95
32 15
63 97
58 98
13 11
37 91
68 28
56 0
93 12
74 9
40 83
38 68
35 44
41 28
78 61
67 4
31 26
43 17
72 66
77 46
64 57
81 81
81 77
78 67
32 55
92 77
85 59
39 8
