110
13 5
22 5
2 27
1 55
6 16
4 56
96 49
32 31
5 74
61 23
35 45
97 23
51 14
50 63
88 91
11 74
5 65
17 74
39 69
60 60
36 46
23 89
58 31
99 7
5 96
17 85
78 84
24 43
80 1
71 87
15 66
34 59
74 90
90 66
51 80
37 61
27 51
64 38
0 83
14 80
88 61
93 98
81 18
85 5
72 60
54 76
62 64
79 64
65 67
67 18
30 91
11 39
47 11
56 87
56 64
66 84
67 55
92 84
26 87
35 76
46 99
46 22
71 0
99 75
99 82
83 15
90 3
25 29
48 52
11 99
60 99
58 0
83 95
84 79
1 98
75 19
98 34
8 11
32 15
58 81
93 8
98 61
3 33
17 25
48 89
17 44
35 39
52 38
43 97
30 18
69 78
64 2
50 4
88 37
71 37
33 77
77 44
86 32
56 56
72 51
73 5
78 75
45 87
83 59
11 51
28 59
19 57
90 22
83 21
79 12
