103
53 0
32 77
53 70
11 0
32 0
11 70
53 7
53 63
48 0
49 72
53 14
53 56
28 79
32 70
53 21
53 28
53 35
53 42
53 49
6 0
27 0
0 0
11 7
32 7
11 63
7 72
49 5
49 65
0 72
11 14
32 14
11 56
32 63
11 21
11 28
11 35
11 42
32 21
11 49
32 28
32 35
32 42
32 56
32 49
28 72
71 71
49 14
48 21
48 28
49 35
48 49
49 42
48 56
7 5
28 5
7 65
0 4
0 19
0 65
7 14
6 21
7 35
6 49
6 56
0 16
8 28
7 42
0 35
0 51
0 40
0 58
0 25
42 0
28 14
21 0
27 21
27 28
28 35
27 63
29 49
28 42
27 56
21 80
42 73
21 73
21 4
42 4
42 66
19 14
21 18
40 14
21 66
21 38
42 18
20 58
21 39
21 46
42 31
42 38
41 58
42 39
43 51
21 31
