114
62 94
16 0
25 24
67 63
96 81
41 95
89 60
61 70
53 58
28 71
50 55
18 64
32 58
1 7
81 95
74 78
44 90
54 68
83 3
30 85
0 51
12 59
58 77
75 52
21 7
10 0
82 8
49 47
10 87
55 36
36 59
87 95
9 65
7 51
61 38
1 16
70 10
58 18
54 92
45 11
40 28
97 20
47 68
77 25
0 42
94 46
44 79
67 18
71 30
80 78
94 25
79 11
84 31
68 23
82 18
95 7
63 18
57 85
0 93
9 19
0 31
86 7
38 32
14 44
31 0
0 77
72 54
96 99
67 1
41 93
14 80
0 64
65 37
95 0
98 15
29 65
0 86
43 0
98 72
82 75
71 86
97 29
83 36
77 73
6 72
90 66
19 99
42 76
49 15
14 95
15 20
27 89
13 37
50 1
39 14
17 39
4 8
31 26
30 46
95 89
31 96
70 92
61 5
92 55
71 38
85 39
24 48
36 40
39 42
47 41
85 91
93 39
87 46
79 89
