125
30 7
97 48
83 83
8 90
4 48
17 1
84 95
11 10
81 8
15 12
37 6
65 8
24 78
88 52
7 12
45 4
48 0
58 10
82 54
72 55
75 40
0 2
2 21
30 19
71 80
87 41
60 5
47 12
46 67
84 69
10 0
90 3
98 99
72 17
50 10
75 10
16 19
20 32
56 21
23 8
9 46
34 22
94 9
14 93
94 73
23 63
60 69
93 80
62 2
91 66
99 1
64 10
39 39
54 75
93 91
31 0
66 78
52 28
9 99
59 99
32 31
22 33
39 43
85 9
59 42
69 0
7 39
57 87
0 69
65 64
0 95
29 43
42 15
80 14
99 66
98 17
19 23
68 74
89 35
0 62
96 53
24 95
41 99
30 25
75 32
1 83
3 26
78 91
63 92
14 77
95 33
33 91
14 60
25 47
15 84
30 76
42 85
54 93
38 85
29 71
14 67
43 62
56 51
6 73
2 36
81 23
66 25
69 31
47 82
16 50
36 70
60 31
66 56
37 57
36 27
45 44
90 19
13 26
84 29
81 63
18 46
44 23
43 47
73 69
33 42
