107
1 62
1 86
13 52
2 8
5 77
2 33
63 7
9 42
66 66
79 80
57 62
19 2
18 57
63 25
32 62
42 58
95 22
23 74
71 79
42 49
75 10
35 76
13 27
63 16
35 59
82 99
12 4
26 0
15 18
37 10
77 24
32 37
27 53
21 66
98 25
88 3
8 99
75 43
81 91
86 17
4 67
34 17
13 17
78 90
53 90
12 20
15 70
73 32
49 74
42 90
42 66
86 25
48 40
52 76
45 96
42 8
28 80
44 54
0 11
8 23
23 23
34 1
36 31
47 0
73 66
99 46
23 98
83 55
82 29
99 39
58 30
44 29
78 98
74 52
70 46
89 9
74 16
3 47
43 44
78 0
94 67
99 81
72 85
57 84
29 76
97 93
96 87
9 85
57 3
92 44
23 39
38 99
63 98
61 46
69 99
64 84
48 20
71 60
37 94
48 82
33 85
27 31
46 14
29 15
18 6
40 25
63 35
