120
4 5
4 7
30 1
45 94
57 61
97 23
2 69
62 97
93 59
37 56
53 59
95 6
52 11
93 7
34 12
93 40
44 69
34 48
4 86
61 83
38 47
98 87
22 2
59 66
44 23
69 49
15 91
8 63
74 47
51 28
39 42
46 63
35 65
64 35
10 11
38 13
9 91
5 73
24 41
49 38
0 98
61 24
88 36
62 11
2 37
84 92
28 99
33 85
99 37
56 83
47 80
87 15
9 39
99 69
24 15
39 94
29 95
66 97
73 17
64 17
78 15
84 1
0 29
98 39
0 51
67 20
46 21
83 95
76 94
55 97
81 99
83 22
99 30
1 25
34 4
10 0
74 0
99 78
98 61
65 31
28 79
13 98
38 17
58 0
24 37
4 55
74 63
90 26
44 88
68 1
85 81
17 18
3 31
85 77
5 48
25 63
60 75
74 58
87 9
79 22
76 8
10 87
28 17
83 41
14 77
14 26
19 75
25 81
90 61
88 78
17 33
31 76
87 52
31 32
95 67
33 27
68 32
69 39
45 30
73 32
