108
39 7
3 67
91 3
11 7
65 60
98 87
74 98
89 86
87 85
35 24
97 65
8 12
96 8
93 22
20 5
93 35
36 90
79 71
96 50
43 85
46 71
64 45
60 89
56 8
52 24
61 73
97 10
29 16
58 34
66 6
74 18
98 40
89 52
13 60
48 63
20 79
21 64
72 33
66 33
80 66
96 51
22 71
85 59
74 53
39 75
66 95
68 18
68 57
58 28
47 55
0 81
33 65
35 65
86 13
10 21
20 31
14 6
99 0
99 73
28 45
5 96
30 72
32 78
85 44
88 71
30 95
10 0
69 0
1 32
39 99
54 99
48 0
65 67
98 99
83 37
27 53
35 29
16 98
90 28
34 2
85 23
71 90
73 81
14 77
72 14
21 95
4 89
83 4
6 37
55 94
45 11
41 39
45 43
70 23
11 93
11 37
79 39
19 57
7 28
21 23
25 87
20 20
28 37
27 23
73 47
41 57
27 62
91 67
