110
58 3
2 56
99 16
4 8
1 22
2 61
83 90
97 22
31 78
64 78
46 61
68 79
20 62
42 45
44 52
47 46
4 47
97 88
87 64
42 25
76 46
25 87
72 13
59 91
53 97
32 22
71 26
35 77
48 78
16 74
19 76
28 64
49 32
87 92
94 83
38 65
25 38
81 6
61 60
74 75
89 63
45 16
48 99
40 6
66 61
63 19
62 33
34 44
57 83
0 36
62 30
70 42
41 94
8 56
21 18
64 68
5 0
15 11
77 67
76 64
52 91
39 83
62 48
19 83
98 69
99 36
99 52
2 36
48 88
51 56
54 31
42 0
68 98
62 26
58 8
1 93
1 76
67 70
84 98
86 83
0 79
27 0
57 65
66 54
23 35
15 98
30 98
17 90
85 20
81 21
96 37
91 39
84 37
17 54
19 46
40 79
48 71
9 17
35 8
23 23
38 31
35 62
55 18
59 11
85 53
94 73
82 81
61 41
78 61
74 56
