111
59 98
4 32
5 32
96 60
20 50
97 94
73 95
69 89
65 45
2 43
37 91
94 55
1 3
1 74
87 63
31 49
1 14
97 12
28 4
37 85
39 21
16 23
33 16
81 30
67 27
58 76
53 70
61 61
35 54
41 90
3 4
1 84
7 71
1 58
73 56
79 82
77 68
39 75
77 6
7 49
52 61
64 10
75 17
72 43
39 37
43 51
33 69
68 48
99 0
16 13
87 88
19 24
50 78
62 66
94 35
24 1
73 67
43 36
59 37
64 0
24 35
55 85
11 63
97 99
72 18
9 9
69 6
80 60
7 40
83 97
24 98
85 72
34 25
33 39
10 85
43 28
5 24
16 15
99 26
19 57
30 21
18 4
29 99
34 76
48 0
64 91
64 31
7 92
88 11
91 18
95 75
17 82
90 41
25 70
88 48
96 84
69 81
86 38
47 63
53 40
88 82
37 7
45 8
58 16
29 34
53 20
44 65
30 76
52 8
56 22
58 31
