112
78 6
95 3
64 7
52 76
55 44
97 86
56 31
14 78
60 98
20 78
71 23
14 62
19 63
57 91
53 79
51 13
73 90
83 33
93 79
92 28
62 28
17 70
87 57
86 55
68 67
78 25
94 7
96 52
62 22
17 14
88 26
86 33
68 69
20 6
91 73
19 21
61 88
68 47
87 12
83 60
68 93
92 40
67 16
52 86
87 0
97 14
57 37
0 0
14 6
53 9
14 22
71 76
83 77
92 81
59 2
69 55
67 85
71 47
98 62
0 28
33 0
95 22
93 8
80 65
0 5
0 20
72 61
57 71
30 0
15 0
79 11
55 51
3 1
19 0
27 15
53 95
34 46
7 13
86 84
94 31
83 69
65 62
97 45
47 60
82 49
88 99
72 99
25 45
35 43
33 28
89 65
79 97
11 85
19 85
6 70
11 55
34 5
37 20
27 72
30 29
14 29
19 59
72 38
54 23
1 14
4 29
19 29
58 57
83 89
83 40
85 19
66 77
