100
80 92
78 49
64 94
2 53
1 8
15 4
73 73
46 63
14 0
63 42
77 14
96 36
59 33
56 48
91 93
98 74
50 84
47 77
37 94
86 31
10 37
86 4
10 30
1 42
61 57
94 8
42 30
52 93
75 33
24 38
76 58
80 90
26 88
29 79
33 49
80 74
25 61
27 14
41 90
36 63
55 62
58 90
66 72
94 79
94 59
83 71
30 70
90 69
73 78
29 55
65 19
44 35
14 80
23 52
99 43
34 35
33 80
46 56
47 20
10 87
24 79
38 80
29 43
23 72
56 18
47 4
43 49
99 59
99 98
3 38
85 46
33 90
21 98
77 42
40 0
38 41
18 92
98 26
67 27
43 70
79 65
80 0
52 25
4 22
10 66
99 90
29 0
91 13
8 58
40 6
29 21
17 33
18 15
33 21
23 1
70 14
80 24
97 53
57 76
59 80
